[32m2024-06-23 13:26:07.911[0m | [38;2;255;0;255mCPU 0.0%[0m | [38;2;255;0;255mMEM 86.7%[0m | [38;2;255;0;255mDISK 82.7%[0m | [1mINFO    [0m | [36mmain[0m:[36mchallenge[0m:[36m141[0m |  - [1mWorkitem: {'search_phrase': 'Hello World!', 'news_section': ['business', 'technology', 'entertainment'], 'number_months': 1}[0m
[32m2024-06-23 13:26:24.173[0m | [38;2;255;0;255mCPU 1.7%[0m | [38;2;255;0;255mMEM 86.7%[0m | [38;2;255;0;255mDISK 82.7%[0m | [1mINFO    [0m | [36mmain[0m:[36m<module>[0m:[36m1[0m |  - [1mWorkitem: {'search_phrase': 'Hello World!', 'news_section': ['business', 'technology', 'entertainment'], 'number_months': 1}[0m
[32m2024-06-23 13:34:09.365[0m | [38;2;255;0;255mCPU 8.3%[0m | [38;2;255;0;255mMEM 88.4%[0m | [38;2;255;0;255mDISK 82.7%[0m | [1mINFO    [0m | [36mmain[0m:[36mchallenge[0m:[36m148[0m |  - [1mWorkitem: {'search_phrase': 'Hello World!', 'news_section': ['business', 'technology', 'entertainment'], 'number_months': 1}[0m
[32m2024-06-23 13:47:19.409[0m | [38;2;255;0;255mCPU 15.2%[0m | [38;2;255;0;255mMEM 90.3%[0m | [38;2;255;0;255mDISK 82.7%[0m | [1mINFO    [0m | [36mmain[0m:[36mchallenge[0m:[36m147[0m |  - [1mWorkitem: {'search_phrase': 'Hello World!', 'news_section': ['business', 'technology', 'entertainment'], 'number_months': 1}[0m
[32m2024-06-23 13:47:19.421[0m | [38;2;255;0;255mCPU 0.0%[0m | [38;2;255;0;255mMEM 90.3%[0m | [38;2;255;0;255mDISK 82.7%[0m | [1mINFO    [0m | [36mmain[0m:[36mchallenge[0m:[36m149[0m |  - [1mStarting the challenge...[0m
[32m2024-06-23 13:48:04.604[0m | [38;2;255;0;255mCPU 0.0%[0m | [38;2;255;0;255mMEM 91.2%[0m | [38;2;255;0;255mDISK 82.7%[0m | [1mINFO    [0m | [36mmain[0m:[36mchallenge[0m:[36m147[0m |  - [1mWorkitem: {'search_phrase': 'Hello World!', 'news_section': ['business', 'technology', 'entertainment'], 'number_months': 1}[0m
[32m2024-06-23 13:48:04.615[0m | [38;2;255;0;255mCPU 0.0%[0m | [38;2;255;0;255mMEM 91.2%[0m | [38;2;255;0;255mDISK 82.7%[0m | [1mINFO    [0m | [36mmain[0m:[36mchallenge[0m:[36m149[0m |  - [1mStarting the challenge...[0m
[32m2024-06-23 13:48:18.941[0m | [38;2;255;0;255mCPU 10.0%[0m | [38;2;255;0;255mMEM 90.6%[0m | [38;2;255;0;255mDISK 82.7%[0m | [1mINFO    [0m | [36mmain[0m:[36mchallenge[0m:[36m147[0m |  - [1mWorkitem: {'search_phrase': 'Hello World!', 'news_section': ['business', 'technology', 'entertainment'], 'number_months': 1}[0m
[32m2024-06-23 13:48:18.952[0m | [38;2;255;0;255mCPU 7.7%[0m | [38;2;255;0;255mMEM 90.6%[0m | [38;2;255;0;255mDISK 82.7%[0m | [1mINFO    [0m | [36mmain[0m:[36mchallenge[0m:[36m149[0m |  - [1mStarting the challenge...[0m
[32m2024-06-23 13:51:44.252[0m | [38;2;255;0;255mCPU 0.0%[0m | [38;2;255;0;255mMEM 88.4%[0m | [38;2;255;0;255mDISK 82.8%[0m | [1mINFO    [0m | [36mmain[0m:[36mchallenge[0m:[36m147[0m |  - [1mWorkitem: {'search_phrase': 'Hello World!', 'news_section': ['business', 'technology', 'entertainment'], 'number_months': 1}[0m
[32m2024-06-23 13:51:44.264[0m | [38;2;255;0;255mCPU 10.0%[0m | [38;2;255;0;255mMEM 88.4%[0m | [38;2;255;0;255mDISK 82.8%[0m | [1mINFO    [0m | [36mmain[0m:[36mchallenge[0m:[36m149[0m |  - [1mStarting the challenge...[0m
[32m2024-06-23 13:51:44.275[0m | [38;2;255;0;255mCPU 0.0%[0m | [38;2;255;0;255mMEM 88.4%[0m | [38;2;255;0;255mDISK 82.8%[0m | [34m[1mDEBUG   [0m | [36msrc.utils.news_browser[0m:[36m__init__[0m:[36m19[0m |  - [34m[1mCreating browser[0m
[32m2024-06-23 13:53:01.086[0m | [38;2;255;0;255mCPU 0.0%[0m | [38;2;255;0;255mMEM 82.2%[0m | [38;2;255;0;255mDISK 82.8%[0m | [1mINFO    [0m | [36mmain[0m:[36mchallenge[0m:[36m147[0m |  - [1mWorkitem: {'search_phrase': 'Hello World!', 'news_section': ['business', 'technology', 'entertainment'], 'number_months': 1}[0m
[32m2024-06-23 13:53:01.097[0m | [38;2;255;0;255mCPU 0.0%[0m | [38;2;255;0;255mMEM 82.2%[0m | [38;2;255;0;255mDISK 82.8%[0m | [1mINFO    [0m | [36mmain[0m:[36mchallenge[0m:[36m149[0m |  - [1mStarting the challenge...[0m
[32m2024-06-23 13:53:01.109[0m | [38;2;255;0;255mCPU 20.0%[0m | [38;2;255;0;255mMEM 82.2%[0m | [38;2;255;0;255mDISK 82.8%[0m | [34m[1mDEBUG   [0m | [36msrc.utils.news_browser[0m:[36m__init__[0m:[36m19[0m |  - [34m[1mCreating browser[0m
[32m2024-06-23 13:53:04.690[0m | [38;2;255;0;255mCPU 8.0%[0m | [38;2;255;0;255mMEM 86.1%[0m | [38;2;255;0;255mDISK 82.8%[0m | [34m[1mDEBUG   [0m | [36msrc.utils.news_browser[0m:[36mwrapper[0m:[36m30[0m |  - [34m[1mCalling navigate_to with args: ('https://www.aljazeera.com/',) and kwargs: {}[0m
[32m2024-06-23 14:01:06.137[0m | [38;2;255;0;255mCPU 5.4%[0m | [38;2;255;0;255mMEM 86.7%[0m | [38;2;255;0;255mDISK 82.8%[0m | [1mINFO    [0m | [36mmain[0m:[36mchallenge[0m:[36m147[0m |  - [1mWorkitem: {'search_phrase': 'Hello World!', 'news_section': ['business', 'technology', 'entertainment'], 'number_months': 1}[0m
[32m2024-06-23 14:01:06.149[0m | [38;2;255;0;255mCPU 0.0%[0m | [38;2;255;0;255mMEM 86.7%[0m | [38;2;255;0;255mDISK 82.8%[0m | [1mINFO    [0m | [36mmain[0m:[36mchallenge[0m:[36m149[0m |  - [1mStarting the challenge...[0m
[32m2024-06-23 14:01:06.161[0m | [38;2;255;0;255mCPU 0.0%[0m | [38;2;255;0;255mMEM 86.7%[0m | [38;2;255;0;255mDISK 82.8%[0m | [34m[1mDEBUG   [0m | [36msrc.utils.news_browser[0m:[36m__init__[0m:[36m19[0m |  - [34m[1mCreating browser[0m
[32m2024-06-23 14:01:09.872[0m | [38;2;255;0;255mCPU 6.4%[0m | [38;2;255;0;255mMEM 87.9%[0m | [38;2;255;0;255mDISK 82.8%[0m | [34m[1mDEBUG   [0m | [36msrc.utils.news_browser[0m:[36mwrapper[0m:[36m30[0m |  - [34m[1mCalling navigate_to with args: () and kwargs: {'url': 'https://www.aljazeera.com/'}[0m
[32m2024-06-23 14:28:36.509[0m | [38;2;255;0;255mCPU 8.3%[0m | [38;2;255;0;255mMEM 85.7%[0m | [38;2;255;0;255mDISK 82.8%[0m | [1mINFO    [0m | [36mmain[0m:[36mchallenge[0m:[36m147[0m |  - [1mWorkitem: {'search_phrase': 'Hello World!', 'news_section': ['business', 'technology', 'entertainment'], 'number_months': 1}[0m
[32m2024-06-23 14:28:36.521[0m | [38;2;255;0;255mCPU 8.3%[0m | [38;2;255;0;255mMEM 85.7%[0m | [38;2;255;0;255mDISK 82.8%[0m | [1mINFO    [0m | [36mmain[0m:[36mchallenge[0m:[36m149[0m |  - [1mStarting the challenge...[0m
[32m2024-06-23 14:28:36.533[0m | [38;2;255;0;255mCPU 8.3%[0m | [38;2;255;0;255mMEM 85.8%[0m | [38;2;255;0;255mDISK 82.8%[0m | [34m[1mDEBUG   [0m | [36msrc.utils.news_browser[0m:[36m__init__[0m:[36m25[0m |  - [34m[1mCreating browser[0m
[32m2024-06-23 14:28:43.056[0m | [38;2;255;0;255mCPU 5.8%[0m | [38;2;255;0;255mMEM 87.8%[0m | [38;2;255;0;255mDISK 82.8%[0m | [34m[1mDEBUG   [0m | [36msrc.utils.news_browser[0m:[36mwrapper[0m:[36m34[0m |  - [34m[1mCalling navigate_to with args: ('https://www.aljazeera.com/',) and kwargs: {}[0m
[32m2024-06-23 14:40:33.529[0m | [38;2;255;0;255mCPU 3.4%[0m | [38;2;255;0;255mMEM 86.8%[0m | [38;2;255;0;255mDISK 82.9%[0m | [1mINFO    [0m | [36mmain[0m:[36mchallenge[0m:[36m146[0m |  - [1mWorkitem: {'search_phrase': 'Hello World!', 'news_section': ['business', 'technology', 'entertainment'], 'number_months': 1}[0m
[32m2024-06-23 14:40:33.542[0m | [38;2;255;0;255mCPU 0.0%[0m | [38;2;255;0;255mMEM 86.8%[0m | [38;2;255;0;255mDISK 82.9%[0m | [1mINFO    [0m | [36mmain[0m:[36mchallenge[0m:[36m148[0m |  - [1mStarting the challenge...[0m
[32m2024-06-23 14:40:53.714[0m | [38;2;255;0;255mCPU 2.6%[0m | [38;2;255;0;255mMEM 86.9%[0m | [38;2;255;0;255mDISK 82.9%[0m | [1mINFO    [0m | [36mmain[0m:[36mchallenge[0m:[36m146[0m |  - [1mWorkitem: {'search_phrase': 'Hello World!', 'news_section': ['business', 'technology', 'entertainment'], 'number_months': 1}[0m
[32m2024-06-23 14:40:53.724[0m | [38;2;255;0;255mCPU 0.0%[0m | [38;2;255;0;255mMEM 86.9%[0m | [38;2;255;0;255mDISK 82.9%[0m | [1mINFO    [0m | [36mmain[0m:[36mchallenge[0m:[36m148[0m |  - [1mStarting the challenge...[0m
[32m2024-06-23 14:40:53.737[0m | [38;2;255;0;255mCPU 0.0%[0m | [38;2;255;0;255mMEM 86.9%[0m | [38;2;255;0;255mDISK 82.9%[0m | [34m[1mDEBUG   [0m | [36msrc.utils.news_browser[0m:[36m__init__[0m:[36m25[0m |  - [34m[1mCreating browser[0m
[32m2024-06-23 14:40:57.278[0m | [38;2;255;0;255mCPU 7.5%[0m | [38;2;255;0;255mMEM 89.6%[0m | [38;2;255;0;255mDISK 82.9%[0m | [34m[1mDEBUG   [0m | [36msrc.utils.news_browser[0m:[36mwrapper[0m:[36m34[0m |  - [34m[1mCalling navigate_to with args: ('https://www.aljazeera.com/',) and kwargs: {}[0m
[32m2024-06-23 14:43:27.718[0m | [38;2;255;0;255mCPU 3.0%[0m | [38;2;255;0;255mMEM 80.6%[0m | [38;2;255;0;255mDISK 83.0%[0m | [1mINFO    [0m | [36mmain[0m:[36mchallenge[0m:[36m146[0m |  - [1mWorkitem: {'search_phrase': 'Hello World!', 'news_section': ['business', 'technology', 'entertainment'], 'number_months': 1}[0m
[32m2024-06-23 14:43:27.730[0m | [38;2;255;0;255mCPU 28.6%[0m | [38;2;255;0;255mMEM 80.6%[0m | [38;2;255;0;255mDISK 83.0%[0m | [1mINFO    [0m | [36mmain[0m:[36mchallenge[0m:[36m148[0m |  - [1mStarting the challenge...[0m
[32m2024-06-23 14:43:27.740[0m | [38;2;255;0;255mCPU 0.0%[0m | [38;2;255;0;255mMEM 80.6%[0m | [38;2;255;0;255mDISK 83.0%[0m | [34m[1mDEBUG   [0m | [36msrc.utils.news_browser[0m:[36m__init__[0m:[36m25[0m |  - [34m[1mCreating browser[0m
[32m2024-06-23 14:43:31.444[0m | [38;2;255;0;255mCPU 5.5%[0m | [38;2;255;0;255mMEM 83.1%[0m | [38;2;255;0;255mDISK 83.0%[0m | [34m[1mDEBUG   [0m | [36msrc.utils.news_browser[0m:[36mwrapper[0m:[36m34[0m |  - [34m[1mCalling navigate_to with args: ('https://www.aljazeera.com/search/Hello World!',) and kwargs: {}[0m
[32m2024-06-23 15:05:56.418[0m | [38;2;255;0;255mCPU 5.9%[0m | [38;2;255;0;255mMEM 85.9%[0m | [38;2;255;0;255mDISK 83.0%[0m | [1mINFO    [0m | [36mmain[0m:[36mchallenge[0m:[36m153[0m |  - [1mWorkitem: {'search_phrase': 'covid', 'news_section': ['business', 'technology', 'entertainment'], 'number_months': 1}[0m
[32m2024-06-23 15:05:56.433[0m | [38;2;255;0;255mCPU 0.0%[0m | [38;2;255;0;255mMEM 85.9%[0m | [38;2;255;0;255mDISK 83.0%[0m | [1mINFO    [0m | [36mmain[0m:[36mchallenge[0m:[36m155[0m |  - [1mStarting the challenge...[0m
[32m2024-06-23 15:05:56.446[0m | [38;2;255;0;255mCPU 8.3%[0m | [38;2;255;0;255mMEM 85.9%[0m | [38;2;255;0;255mDISK 83.0%[0m | [34m[1mDEBUG   [0m | [36msrc.utils.news_browser[0m:[36m__init__[0m:[36m25[0m |  - [34m[1mCreating browser[0m
[32m2024-06-23 15:06:00.536[0m | [38;2;255;0;255mCPU 4.4%[0m | [38;2;255;0;255mMEM 89.3%[0m | [38;2;255;0;255mDISK 83.0%[0m | [1mINFO    [0m | [36mmain[0m:[36msearch[0m:[36m142[0m |  - [1mNavigating to the site...[0m
[32m2024-06-23 15:06:00.553[0m | [38;2;255;0;255mCPU 0.0%[0m | [38;2;255;0;255mMEM 89.3%[0m | [38;2;255;0;255mDISK 83.0%[0m | [34m[1mDEBUG   [0m | [36msrc.utils.news_browser[0m:[36mwrapper[0m:[36m34[0m |  - [34m[1mCalling navigate_to with args: ('https://www.aljazeera.com/search/covid',) and kwargs: {}[0m
[32m2024-06-23 19:09:36.674[0m | [38;2;255;0;255mCPU 2.9%[0m | [38;2;255;0;255mMEM 82.4%[0m | [38;2;255;0;255mDISK 83.1%[0m | [1mINFO    [0m | [36mmain[0m:[36mchallenge[0m:[36m153[0m |  - [1mWorkitem: {'search_phrase': 'covid', 'news_section': ['business', 'technology', 'entertainment'], 'number_months': 1}[0m
[32m2024-06-23 19:09:36.686[0m | [38;2;255;0;255mCPU 10.0%[0m | [38;2;255;0;255mMEM 82.4%[0m | [38;2;255;0;255mDISK 83.1%[0m | [1mINFO    [0m | [36mmain[0m:[36mchallenge[0m:[36m155[0m |  - [1mStarting the challenge...[0m
[32m2024-06-23 19:09:36.698[0m | [38;2;255;0;255mCPU 0.0%[0m | [38;2;255;0;255mMEM 82.4%[0m | [38;2;255;0;255mDISK 83.1%[0m | [34m[1mDEBUG   [0m | [36msrc.utils.news_browser[0m:[36m__init__[0m:[36m55[0m |  - [34m[1mCreating browser[0m
[32m2024-06-23 19:09:41.287[0m | [38;2;255;0;255mCPU 6.4%[0m | [38;2;255;0;255mMEM 86.8%[0m | [38;2;255;0;255mDISK 83.1%[0m | [1mINFO    [0m | [36mmain[0m:[36msearch[0m:[36m142[0m |  - [1mNavigating to the site...[0m
[32m2024-06-23 19:17:15.840[0m | [38;2;255;0;255mCPU 11.1%[0m | [38;2;255;0;255mMEM 88.3%[0m | [38;2;255;0;255mDISK 83.1%[0m | [1mINFO    [0m | [36mmain[0m:[36mchallenge[0m:[36m153[0m |  - [1mWorkitem: {'search_phrase': 'covid', 'news_section': ['business', 'technology', 'entertainment'], 'number_months': 1}[0m
[32m2024-06-23 19:17:15.857[0m | [38;2;255;0;255mCPU 7.1%[0m | [38;2;255;0;255mMEM 88.3%[0m | [38;2;255;0;255mDISK 83.1%[0m | [1mINFO    [0m | [36mmain[0m:[36mchallenge[0m:[36m155[0m |  - [1mStarting the challenge...[0m
[32m2024-06-23 19:17:15.868[0m | [38;2;255;0;255mCPU 0.0%[0m | [38;2;255;0;255mMEM 88.3%[0m | [38;2;255;0;255mDISK 83.1%[0m | [34m[1mDEBUG   [0m | [36msrc.utils.news_browser[0m:[36m__init__[0m:[36m55[0m |  - [34m[1mCreating browser[0m
[32m2024-06-23 19:17:19.669[0m | [38;2;255;0;255mCPU 6.1%[0m | [38;2;255;0;255mMEM 90.5%[0m | [38;2;255;0;255mDISK 83.2%[0m | [1mINFO    [0m | [36mmain[0m:[36msearch[0m:[36m142[0m |  - [1mNavigating to the site...[0m
[32m2024-06-23 19:17:50.744[0m | [38;2;255;0;255mCPU   %[0m | [38;2;255;0;255mMEM   %[0m | [38;2;255;0;255mDISK   %[0m | [31m[1mERROR   [0m | [36mmain[0m:[36mchallenge[0m:[36m159[0m |  - [31m[1mAn error has been caught in function 'challenge', process 'MainProcess' (19460), thread 'MainThread' (15760):[0m
[33m[1mTraceback (most recent call last):[0m

  File "[32mc:\Users\bianc\.vscode\extensions\ms-python.debugpy-2024.6.0-win32-x64\bundled\libs\debugpy\_vendored\pydevd\_pydevd_bundle\[0m[32m[1mpydevd_trace_dispatch_regular.py[0m", line [33m359[0m, in [35m__call__[0m
    [1mis_stepping[0m [35m[1m=[0m [1mpydev_step_cmd[0m [35m[1m!=[0m [35m[1m-[0m[34m[1m1[0m
    [36m              â”” [0m[36m[1m-1[0m

[31m[1mRecursionError[0m:[1m maximum recursion depth exceeded in comparison[0m


[1mDuring handling of the above exception, another exception occurred:[0m


[33m[1mTraceback (most recent call last):[0m

  File "[32mc:\ProgramData\robocorp\ht\82690e2_b1f3c24_09529949\lib\[0m[32m[1mrunpy.py[0m", line [33m196[0m, in [35m_run_module_as_main[0m
    [35m[1mreturn[0m [1m_run_code[0m[1m([0m[1mcode[0m[1m,[0m [1mmain_globals[0m[1m,[0m [36m[1mNone[0m[1m,[0m
    [36m       â”‚         â”‚     â”” [0m[36m[1m{'__name__': '__main__', '__doc__': None, '__package__': 'robocorp.tasks', '__loader__': <_frozen_importlib_external.SourceFi...[0m
    [36m       â”‚         â”” [0m[36m[1m<code object <module> at 0x0000018C0B25C0E0, file "c:\Users\bianc\.vscode\extensions\ms-python.debugpy-2024.6.0-win32-x64\bun...[0m
    [36m       â”” [0m[36m[1m<function _run_code at 0x0000018C0B23FBE0>[0m

  File "[32mc:\ProgramData\robocorp\ht\82690e2_b1f3c24_09529949\lib\[0m[32m[1mrunpy.py[0m", line [33m86[0m, in [35m_run_code[0m
    [1mexec[0m[1m([0m[1mcode[0m[1m,[0m [1mrun_globals[0m[1m)[0m
    [36m     â”‚     â”” [0m[36m[1m{'__name__': '__main__', '__doc__': None, '__package__': 'robocorp.tasks', '__loader__': <_frozen_importlib_external.SourceFi...[0m
    [36m     â”” [0m[36m[1m<code object <module> at 0x0000018C0B25C0E0, file "c:\Users\bianc\.vscode\extensions\ms-python.debugpy-2024.6.0-win32-x64\bun...[0m

  File "[32mc:\Users\bianc\.vscode\extensions\ms-python.debugpy-2024.6.0-win32-x64\bundled\libs\debugpy\[0m[32m[1m__main__.py[0m", line [33m39[0m, in [35m<module>[0m
    [1mcli[0m[35m[1m.[0m[1mmain[0m[1m([0m[1m)[0m
    [36mâ”‚   â”” [0m[36m[1m<function main at 0x0000018C0DD4D3F0>[0m
    [36mâ”” [0m[36m[1m<module 'debugpy.server.cli' from 'c:\\Users\\bianc\\.vscode\\extensions\\ms-python.debugpy-2024.6.0-win32-x64\\bundled\\libs...[0m

  File "[32mc:\Users\bianc\.vscode\extensions\ms-python.debugpy-2024.6.0-win32-x64\bundled\libs\debugpy/..\debugpy\server\[0m[32m[1mcli.py[0m", line [33m430[0m, in [35mmain[0m
    [1mrun[0m[1m([0m[1m)[0m
    [36mâ”” [0m[36m[1m<function run_module at 0x0000018C0DD4D240>[0m

  File "[32mc:\Users\bianc\.vscode\extensions\ms-python.debugpy-2024.6.0-win32-x64\bundled\libs\debugpy/..\debugpy\server\[0m[32m[1mcli.py[0m", line [33m317[0m, in [35mrun_module[0m
    [1mrun_module_as_main[0m[1m([0m[1moptions[0m[35m[1m.[0m[1mtarget[0m[1m,[0m [1malter_argv[0m[35m[1m=[0m[36m[1mTrue[0m[1m)[0m
    [36mâ”‚                  â”‚       â”” [0m[36m[1m'robocorp.tasks'[0m
    [36mâ”‚                  â”” [0m[36m[1m<debugpy.server.cli.Options object at 0x0000018C0DCD2FE0>[0m
    [36mâ”” [0m[36m[1m<function _run_module_as_main at 0x0000018C0D9CDEA0>[0m

  File "[32mc:\Users\bianc\.vscode\extensions\ms-python.debugpy-2024.6.0-win32-x64\bundled\libs\debugpy\_vendored\pydevd\_pydevd_bundle\[0m[32m[1mpydevd_runpy.py[0m", line [33m238[0m, in [35m_run_module_as_main[0m
    [35m[1mreturn[0m [1m_run_code[0m[1m([0m[1mcode[0m[1m,[0m [1mmain_globals[0m[1m,[0m [36m[1mNone[0m[1m,[0m
    [36m       â”‚         â”‚     â”” [0m[36m[1m{'__name__': '__main__', '__doc__': None, '__package__': 'robocorp.tasks', '__loader__': <_frozen_importlib_external.SourceFi...[0m
    [36m       â”‚         â”” [0m[36m[1m<code object <module> at 0x0000018C0DE57B50, file "c:\ProgramData\robocorp\ht\82690e2_b1f3c24_09529949\lib\site-packages\robo...[0m
    [36m       â”” [0m[36m[1m<function _run_code at 0x0000018C0D9CD990>[0m

  File "[32mc:\Users\bianc\.vscode\extensions\ms-python.debugpy-2024.6.0-win32-x64\bundled\libs\debugpy\_vendored\pydevd\_pydevd_bundle\[0m[32m[1mpydevd_runpy.py[0m", line [33m124[0m, in [35m_run_code[0m
    [1mexec[0m[1m([0m[1mcode[0m[1m,[0m [1mrun_globals[0m[1m)[0m
    [36m     â”‚     â”” [0m[36m[1m{'__name__': '__main__', '__doc__': None, '__package__': 'robocorp.tasks', '__loader__': <_frozen_importlib_external.SourceFi...[0m
    [36m     â”” [0m[36m[1m<code object <module> at 0x0000018C0DE57B50, file "c:\ProgramData\robocorp\ht\82690e2_b1f3c24_09529949\lib\site-packages\robo...[0m

  File "[32mc:\ProgramData\robocorp\ht\82690e2_b1f3c24_09529949\lib\site-packages\robocorp\tasks\[0m[32m[1m__main__.py[0m", line [33m4[0m, in [35m<module>[0m
    [1mmain[0m[1m([0m[1m)[0m
    [36mâ”” [0m[36m[1m<function main at 0x0000018C0DE49CF0>[0m

  File "[32mc:\ProgramData\robocorp\ht\82690e2_b1f3c24_09529949\lib\site-packages\robocorp\tasks\[0m[32m[1mcli.py[0m", line [33m78[0m, in [35mmain[0m
    [1mreturncode[0m [35m[1m=[0m [1mdispatcher[0m[35m[1m.[0m[1mprocess_args[0m[1m([0m[1margs[0m[1m)[0m
    [36m             â”‚          â”‚            â”” [0m[36m[1m['run', 'c:\\Users\\bianc\\RPAChallenge\\src\\main.py', '-t', 'challenge'][0m
    [36m             â”‚          â”” [0m[36m[1m<function _ArgDispatcher.process_args at 0x0000018C0E8430A0>[0m
    [36m             â”” [0m[36m[1m<robocorp.tasks._argdispatch._ArgDispatcher object at 0x0000018C0E8299C0>[0m

  File "[32mc:\ProgramData\robocorp\ht\82690e2_b1f3c24_09529949\lib\site-packages\robocorp\tasks\[0m[32m[1m_argdispatch.py[0m", line [33m227[0m, in [35mprocess_args[0m
    [35m[1mreturn[0m [1mself[0m[35m[1m.[0m[1m_dispatch[0m[1m([0m[1mparsed[0m[1m)[0m
    [36m       â”‚    â”‚         â”” [0m[36m[1mNamespace(command='run', path='c:\\Users\\bianc\\RPAChallenge\\src\\main.py', glob=None, task_name=['challenge'], output_dir=...[0m
    [36m       â”‚    â”” [0m[36m[1m<function _ArgDispatcher._dispatch at 0x0000018C0E842B90>[0m
    [36m       â”” [0m[36m[1m<robocorp.tasks._argdispatch._ArgDispatcher object at 0x0000018C0E8299C0>[0m

  File "[32mc:\ProgramData\robocorp\ht\82690e2_b1f3c24_09529949\lib\site-packages\robocorp\tasks\[0m[32m[1m_argdispatch.py[0m", line [33m22[0m, in [35m_dispatch[0m
    [35m[1mreturn[0m [1mmethod[0m[1m([0m[35m[1m**[0m[1mdct[0m[1m)[0m
    [36m       â”‚        â”” [0m[36m[1m{'path': 'c:\\Users\\bianc\\RPAChallenge\\src\\main.py', 'glob': None, 'task_name': ['challenge'], 'output_dir': '', 'max_log...[0m
    [36m       â”” [0m[36m[1m<function run at 0x0000018C0E8431C0>[0m

  File "[32mc:\ProgramData\robocorp\ht\82690e2_b1f3c24_09529949\lib\site-packages\robocorp\tasks\[0m[32m[1m_commands.py[0m", line [33m440[0m, in [35mrun[0m
    [1mresult[0m [35m[1m=[0m [1mtask[0m[35m[1m.[0m[1mrun[0m[1m([0m[35m[1m*[0m[1margs[0m[1m,[0m [35m[1m**[0m[1mkwargs[0m[1m)[0m
    [36m         â”‚    â”‚    â”‚       â”” [0m[36m[1m{}[0m
    [36m         â”‚    â”‚    â”” [0m[36m[1m[][0m
    [36m         â”‚    â”” [0m[36m[1m<function Task.run at 0x0000018C0E8EE950>[0m
    [36m         â”” [0m[36m[1mTask(challenge, status: NOT_RUN)[0m

  File "[32mc:\ProgramData\robocorp\ht\82690e2_b1f3c24_09529949\lib\site-packages\robocorp\tasks\[0m[32m[1m_task.py[0m", line [33m89[0m, in [35mrun[0m
    [35m[1mreturn[0m [1mself[0m[35m[1m.[0m[1mmethod[0m[1m([0m[35m[1m*[0m[1margs[0m[1m,[0m [35m[1m**[0m[1mkwargs[0m[1m)[0m
    [36m       â”‚    â”‚       â”‚       â”” [0m[36m[1m{}[0m
    [36m       â”‚    â”‚       â”” [0m[36m[1m()[0m
    [36m       â”‚    â”” [0m[36m[1m<function challenge at 0x0000018C110EE7A0>[0m
    [36m       â”” [0m[36m[1mTask(challenge, status: NOT_RUN)[0m

> File "[32mc:\Users\bianc\RPAChallenge\src\[0m[32m[1mmain.py[0m", line [33m159[0m, in [35mchallenge[0m
    [1mresult[0m [35m[1m=[0m [1msearch[0m[1m([0m[1mnews_browser[0m[1m)[0m
    [36m         â”‚      â”” [0m[36m[1m<src.utils.news_browser.AljazeeraSearch object at 0x0000018C0E986D10>[0m
    [36m         â”” [0m[36m[1m<function search at 0x0000018C110EDF30>[0m

  File "[32mc:\Users\bianc\RPAChallenge\src\[0m[32m[1mmain.py[0m", line [33m146[0m, in [35msearch[0m
    [1mbrowser[0m[35m[1m.[0m[1msearch[0m[1m([0m[1msearch_phrase[0m[1m)[0m
    [36mâ”‚       â”‚      â”” [0m[36m[1m'covid'[0m
    [36mâ”‚       â”” [0m[36m[1m<function AljazeeraSearch.search at 0x0000018C110EEB90>[0m
    [36mâ”” [0m[36m[1m<src.utils.news_browser.AljazeeraSearch object at 0x0000018C0E986D10>[0m

  File "[32mc:\Users\bianc\RPAChallenge\src\utils\[0m[32m[1mnews_browser.py[0m", line [33m88[0m, in [35msearch[0m
    [35m[1mwith[0m [1mself[0m[35m[1m.[0m[1mnew_page[0m[1m([0m[1murl[0m[35m[1m=[0m[1mself[0m[35m[1m.[0m[1murl[0m[1m)[0m [35m[1mas[0m [1mpage[0m[1m:[0m
    [36m     â”‚    â”‚            â”‚    â”” [0m[36m[1m'https://www.aljazeera.com'[0m
    [36m     â”‚    â”‚            â”” [0m[36m[1m<src.utils.news_browser.AljazeeraSearch object at 0x0000018C0E986D10>[0m
    [36m     â”‚    â”” [0m[36m[1m<function AljazeeraSearch.new_page at 0x0000018C110EE9E0>[0m
    [36m     â”” [0m[36m[1m<src.utils.news_browser.AljazeeraSearch object at 0x0000018C0E986D10>[0m

  File "[32mc:\Users\bianc\RPAChallenge\src\utils\[0m[32m[1mnews_browser.py[0m", line [33m84[0m, in [35mnew_page[0m
    [35m[1mreturn[0m [1mAjSearchResultPage[0m[1m([0m[1mself[0m[35m[1m.[0m[1mdriver[0m[1m,[0m [1mself[0m[35m[1m.[0m[1mdriver[0m[35m[1m.[0m[1mcurrent_window_handle[0m[1m)[0m
    [36m       â”‚                  â”‚    â”‚       â”‚    â”‚      â”” [0m[36m[1m<property object at 0x0000018C0FD3CBD0>[0m
    [36m       â”‚                  â”‚    â”‚       â”‚    â”” [0m[36m[1m<selenium.webdriver.chrome.webdriver.WebDriver (session="d34c011d1aa19252164bac4a848ad525")>[0m
    [36m       â”‚                  â”‚    â”‚       â”” [0m[36m[1m<src.utils.news_browser.AljazeeraSearch object at 0x0000018C0E986D10>[0m
    [36m       â”‚                  â”‚    â”” [0m[36m[1m<selenium.webdriver.chrome.webdriver.WebDriver (session="d34c011d1aa19252164bac4a848ad525")>[0m
    [36m       â”‚                  â”” [0m[36m[1m<src.utils.news_browser.AljazeeraSearch object at 0x0000018C0E986D10>[0m
    [36m       â”” [0m[36m[1m<class 'src.utils.news_browser.AjSearchResultPage'>[0m

  File "[32mc:\Users\bianc\RPAChallenge\src\utils\[0m[32m[1mnews_browser.py[0m", line [33m26[0m, in [35m__init__[0m
    [35m[1massert[0m [1mhandle[0m [35m[1mnot[0m [35m[1min[0m [1mself[0m[35m[1m.[0m[1m_pages[0m[1m,[0m [36m"Page already exists"[0m
    [36m       â”‚             â”” [0m[36m[1m<unprintable AjSearchResultPage object>[0m
    [36m       â”” [0m[36m[1m'A826F8982E640C6CA076A74F0F0AAF12'[0m

  File "[32mc:\Users\bianc\RPAChallenge\src\utils\[0m[32m[1mnews_browser.py[0m", line [33m32[0m, in [35m__getattribute__[0m
    [35m[1mif[0m [1mself[0m[35m[1m.[0m[1mdriver[0m[35m[1m.[0m[1mcurrent_window_handle[0m [35m[1m!=[0m [1mself[0m[35m[1m.[0m[1mhandle[0m[1m:[0m
    [36m   â”‚                                    â”” [0m[36m[1m<unprintable AjSearchResultPage object>[0m
    [36m   â”” [0m[36m[1m<unprintable AjSearchResultPage object>[0m

  File "[32mc:\Users\bianc\RPAChallenge\src\utils\[0m[32m[1mnews_browser.py[0m", line [33m32[0m, in [35m__getattribute__[0m
    [35m[1mif[0m [1mself[0m[35m[1m.[0m[1mdriver[0m[35m[1m.[0m[1mcurrent_window_handle[0m [35m[1m!=[0m [1mself[0m[35m[1m.[0m[1mhandle[0m[1m:[0m
    [36m   â”‚                                    â”” [0m[36m[1m<unprintable AjSearchResultPage object>[0m
    [36m   â”” [0m[36m[1m<unprintable AjSearchResultPage object>[0m

  File "[32mc:\Users\bianc\RPAChallenge\src\utils\[0m[32m[1mnews_browser.py[0m", line [33m32[0m, in [35m__getattribute__[0m
    [35m[1mif[0m [1mself[0m[35m[1m.[0m[1mdriver[0m[35m[1m.[0m[1mcurrent_window_handle[0m [35m[1m!=[0m [1mself[0m[35m[1m.[0m[1mhandle[0m[1m:[0m
    [36m   â”‚                                    â”” [0m[36m[1m<unprintable AjSearchResultPage object>[0m
    [36m   â”” [0m[36m[1m<unprintable AjSearchResultPage object>[0m
  [Previous line repeated 972 more times]

  File "[32mc:\Users\bianc\RPAChallenge\src\utils\[0m[32m[1mnews_browser.py[0m", line [33m30[0m, in [35m__getattribute__[0m
    [35m[1mdef[0m [1m__getattribute__[0m[1m([0m[1mself[0m[1m,[0m [1mname[0m[1m:[0m [1mstr[0m[1m)[0m [35m[1m->[0m [1mEC[0m[35m[1m.[0m[1mAny[0m[1m:[0m
    [36m                     â”‚     â”‚             â”‚  â”” [0m[36m[1mtyping.Any[0m
    [36m                     â”‚     â”‚             â”” [0m[36m[1m<module 'selenium.webdriver.support.expected_conditions' from 'c:\\ProgramData\\robocorp\\ht\\82690e2_b1f3c24_09529949\\lib\\...[0m
    [36m                     â”‚     â”” [0m[36m[1m'driver'[0m
    [36m                     â”” [0m[36m[1m<unprintable AjSearchResultPage object>[0m

  File "[32mc:\Users\bianc\.vscode\extensions\ms-python.debugpy-2024.6.0-win32-x64\bundled\libs\debugpy\_vendored\pydevd\_pydevd_bundle\[0m[32m[1mpydevd_trace_dispatch_regular.py[0m", line [33m469[0m, in [35m__call__[0m
    [35m[1mreturn[0m [36m[1mNone[0m [35m[1mif[0m [1mevent[0m [35m[1m==[0m [36m'call'[0m [35m[1melse[0m [1mNO_FTRACE[0m
    [36m               â”‚                    â”” [0m[36m[1m<function NO_FTRACE at 0x0000018C0D4FD900>[0m
    [36m               â”” [0m[36m[1m'call'[0m

[31m[1mRecursionError[0m:[1m maximum recursion depth exceeded in comparison[0m
[32m2024-06-23 19:19:36.154[0m | [38;2;255;0;255mCPU 2.8%[0m | [38;2;255;0;255mMEM 76.4%[0m | [38;2;255;0;255mDISK 83.1%[0m | [1mINFO    [0m | [36mmain[0m:[36mchallenge[0m:[36m153[0m |  - [1mWorkitem: {'search_phrase': 'covid', 'news_section': ['business', 'technology', 'entertainment'], 'number_months': 1}[0m
[32m2024-06-23 19:19:36.165[0m | [38;2;255;0;255mCPU 0.0%[0m | [38;2;255;0;255mMEM 76.4%[0m | [38;2;255;0;255mDISK 83.1%[0m | [1mINFO    [0m | [36mmain[0m:[36mchallenge[0m:[36m155[0m |  - [1mStarting the challenge...[0m
[32m2024-06-23 19:19:36.177[0m | [38;2;255;0;255mCPU 0.0%[0m | [38;2;255;0;255mMEM 76.4%[0m | [38;2;255;0;255mDISK 83.1%[0m | [34m[1mDEBUG   [0m | [36msrc.utils.news_browser[0m:[36m__init__[0m:[36m55[0m |  - [34m[1mCreating browser[0m
[32m2024-06-23 19:19:39.645[0m | [38;2;255;0;255mCPU 7.7%[0m | [38;2;255;0;255mMEM 79.1%[0m | [38;2;255;0;255mDISK 83.1%[0m | [1mINFO    [0m | [36mmain[0m:[36msearch[0m:[36m142[0m |  - [1mNavigating to the site...[0m
[32m2024-06-23 19:20:27.320[0m | [38;2;255;0;255mCPU 6.2%[0m | [38;2;255;0;255mMEM 77.8%[0m | [38;2;255;0;255mDISK 83.2%[0m | [1mINFO    [0m | [36mmain[0m:[36mchallenge[0m:[36m153[0m |  - [1mWorkitem: {'search_phrase': 'covid', 'news_section': ['business', 'technology', 'entertainment'], 'number_months': 1}[0m
[32m2024-06-23 19:20:27.332[0m | [38;2;255;0;255mCPU 9.1%[0m | [38;2;255;0;255mMEM 77.8%[0m | [38;2;255;0;255mDISK 83.2%[0m | [1mINFO    [0m | [36mmain[0m:[36mchallenge[0m:[36m155[0m |  - [1mStarting the challenge...[0m
[32m2024-06-23 19:20:27.344[0m | [38;2;255;0;255mCPU 0.0%[0m | [38;2;255;0;255mMEM 77.8%[0m | [38;2;255;0;255mDISK 83.2%[0m | [34m[1mDEBUG   [0m | [36msrc.utils.news_browser[0m:[36m__init__[0m:[36m55[0m |  - [34m[1mCreating browser[0m
[32m2024-06-23 19:20:30.700[0m | [38;2;255;0;255mCPU 6.5%[0m | [38;2;255;0;255mMEM 81.0%[0m | [38;2;255;0;255mDISK 83.2%[0m | [1mINFO    [0m | [36mmain[0m:[36msearch[0m:[36m142[0m |  - [1mNavigating to the site...[0m
[32m2024-06-23 19:49:01.910[0m | [38;2;255;0;255mCPU 2.8%[0m | [38;2;255;0;255mMEM 91.0%[0m | [38;2;255;0;255mDISK 83.1%[0m | [1mINFO    [0m | [36mmain[0m:[36mchallenge[0m:[36m153[0m |  - [1mWorkitem: {'search_phrase': 'covid', 'news_section': ['business', 'technology', 'entertainment'], 'number_months': 1}[0m
[32m2024-06-23 19:49:01.924[0m | [38;2;255;0;255mCPU 0.0%[0m | [38;2;255;0;255mMEM 91.0%[0m | [38;2;255;0;255mDISK 83.1%[0m | [1mINFO    [0m | [36mmain[0m:[36mchallenge[0m:[36m155[0m |  - [1mStarting the challenge...[0m
[32m2024-06-23 19:49:01.936[0m | [38;2;255;0;255mCPU 0.0%[0m | [38;2;255;0;255mMEM 91.0%[0m | [38;2;255;0;255mDISK 83.1%[0m | [34m[1mDEBUG   [0m | [36msrc.utils.news_browser[0m:[36m__init__[0m:[36m55[0m |  - [34m[1mCreating browser[0m
[32m2024-06-23 19:49:05.759[0m | [38;2;255;0;255mCPU 5.5%[0m | [38;2;255;0;255mMEM 91.1%[0m | [38;2;255;0;255mDISK 83.1%[0m | [1mINFO    [0m | [36mmain[0m:[36msearch[0m:[36m142[0m |  - [1mNavigating to the site...[0m
[32m2024-06-23 19:51:22.891[0m | [38;2;255;0;255mCPU 0.0%[0m | [38;2;255;0;255mMEM 82.3%[0m | [38;2;255;0;255mDISK 83.1%[0m | [1mINFO    [0m | [36mmain[0m:[36mchallenge[0m:[36m153[0m |  - [1mWorkitem: {'search_phrase': 'covid', 'news_section': ['business', 'technology', 'entertainment'], 'number_months': 1}[0m
[32m2024-06-23 19:51:22.904[0m | [38;2;255;0;255mCPU 7.7%[0m | [38;2;255;0;255mMEM 82.3%[0m | [38;2;255;0;255mDISK 83.1%[0m | [1mINFO    [0m | [36mmain[0m:[36mchallenge[0m:[36m155[0m |  - [1mStarting the challenge...[0m
[32m2024-06-23 19:51:22.916[0m | [38;2;255;0;255mCPU 0.0%[0m | [38;2;255;0;255mMEM 82.3%[0m | [38;2;255;0;255mDISK 83.1%[0m | [34m[1mDEBUG   [0m | [36msrc.utils.news_browser[0m:[36m__init__[0m:[36m55[0m |  - [34m[1mCreating browser[0m
[32m2024-06-23 19:51:26.396[0m | [38;2;255;0;255mCPU 6.2%[0m | [38;2;255;0;255mMEM 84.6%[0m | [38;2;255;0;255mDISK 83.1%[0m | [1mINFO    [0m | [36mmain[0m:[36msearch[0m:[36m142[0m |  - [1mNavigating to the site...[0m
[32m2024-06-23 19:56:48.988[0m | [38;2;255;0;255mCPU 7.7%[0m | [38;2;255;0;255mMEM 89.4%[0m | [38;2;255;0;255mDISK 83.1%[0m | [1mINFO    [0m | [36mmain[0m:[36mchallenge[0m:[36m153[0m |  - [1mWorkitem: {'search_phrase': 'covid', 'news_section': ['business', 'technology', 'entertainment'], 'number_months': 1}[0m
[32m2024-06-23 19:56:49.000[0m | [38;2;255;0;255mCPU 8.3%[0m | [38;2;255;0;255mMEM 89.4%[0m | [38;2;255;0;255mDISK 83.1%[0m | [1mINFO    [0m | [36mmain[0m:[36mchallenge[0m:[36m155[0m |  - [1mStarting the challenge...[0m
[32m2024-06-23 19:56:49.013[0m | [38;2;255;0;255mCPU 15.4%[0m | [38;2;255;0;255mMEM 89.4%[0m | [38;2;255;0;255mDISK 83.1%[0m | [34m[1mDEBUG   [0m | [36msrc.utils.news_browser[0m:[36m__init__[0m:[36m60[0m |  - [34m[1mCreating browser[0m
[32m2024-06-23 19:56:52.443[0m | [38;2;255;0;255mCPU 5.2%[0m | [38;2;255;0;255mMEM 91.4%[0m | [38;2;255;0;255mDISK 83.2%[0m | [1mINFO    [0m | [36mmain[0m:[36msearch[0m:[36m142[0m |  - [1mNavigating to the site...[0m
[32m2024-06-23 21:19:09.183[0m | [38;2;255;0;255mCPU 6.5     %[0m | [38;2;255;0;255mMEM 90.0    %[0m | [38;2;255;0;255mDISK 83.2    %[0m | [1mINFO    [0m | [36mmain[0m:[36mchallenge[0m:[36m153[0m |  - [1mWorkitem: {'search_phrase': 'covid', 'news_section': ['business', 'technology', 'entertainment'], 'number_months': 1}[0m
[32m2024-06-23 21:19:09.195[0m | [38;2;255;0;255mCPU 0.0     %[0m | [38;2;255;0;255mMEM 89.8    %[0m | [38;2;255;0;255mDISK 83.2    %[0m | [1mINFO    [0m | [36mmain[0m:[36mchallenge[0m:[36m155[0m |  - [1mStarting the challenge...[0m
[32m2024-06-23 21:19:09.208[0m | [38;2;255;0;255mCPU 0.0     %[0m | [38;2;255;0;255mMEM 89.8    %[0m | [38;2;255;0;255mDISK 83.2    %[0m | [34m[1mDEBUG   [0m | [36msrc.utils.news_browser[0m:[36m__init__[0m:[36m60[0m |  - [34m[1mCreating browser[0m
[32m2024-06-23 21:19:13.115[0m | [38;2;255;0;255mCPU 6.2     %[0m | [38;2;255;0;255mMEM 92.7    %[0m | [38;2;255;0;255mDISK 83.2    %[0m | [1mINFO    [0m | [36mmain[0m:[36msearch[0m:[36m142[0m |  - [1mNavigating to the site...[0m
[32m2024-06-23 21:24:14.155[0m | [38;2;255;0;255mCPU 9.7%[0m | [38;2;255;0;255mMEM 87.7%[0m | [38;2;255;0;255mDISK 83.2%[0m | [1mINFO    [0m | [36mmain[0m:[36mchallenge[0m:[36m153[0m |  - [1mWorkitem: {'search_phrase': 'covid', 'news_section': ['business', 'technology', 'entertainment'], 'number_months': 1}[0m
[32m2024-06-23 21:24:14.170[0m | [38;2;255;0;255mCPU 8.3%[0m | [38;2;255;0;255mMEM 87.7%[0m | [38;2;255;0;255mDISK 83.2%[0m | [1mINFO    [0m | [36mmain[0m:[36mchallenge[0m:[36m155[0m |  - [1mStarting the challenge...[0m
[32m2024-06-23 21:24:14.181[0m | [38;2;255;0;255mCPU 0.0%[0m | [38;2;255;0;255mMEM 87.7%[0m | [38;2;255;0;255mDISK 83.2%[0m | [34m[1mDEBUG   [0m | [36msrc.utils.news_browser[0m:[36m__init__[0m:[36m60[0m |  - [34m[1mCreating browser[0m
[32m2024-06-23 21:24:17.664[0m | [38;2;255;0;255mCPU 6.0%[0m | [38;2;255;0;255mMEM 89.5%[0m | [38;2;255;0;255mDISK 83.2%[0m | [1mINFO    [0m | [36mmain[0m:[36msearch[0m:[36m142[0m |  - [1mNavigating to the site...[0m
[32m2024-06-23 22:54:02.715[0m | [38;2;255;0;255mCPU 2.8%[0m | [38;2;255;0;255mMEM 86.1%[0m | [38;2;255;0;255mDISK 83.3%[0m | [1mINFO    [0m | [36mmain[0m:[36mchallenge[0m:[36m153[0m |  - [1mWorkitem: {'search_phrase': 'covid', 'news_section': ['business', 'technology', 'entertainment'], 'number_months': 1}[0m
[32m2024-06-23 22:54:02.729[0m | [38;2;255;0;255mCPU 33.3%[0m | [38;2;255;0;255mMEM 86.1%[0m | [38;2;255;0;255mDISK 83.3%[0m | [1mINFO    [0m | [36mmain[0m:[36mchallenge[0m:[36m155[0m |  - [1mStarting the challenge...[0m
[32m2024-06-23 22:54:02.742[0m | [38;2;255;0;255mCPU 9.1%[0m | [38;2;255;0;255mMEM 86.1%[0m | [38;2;255;0;255mDISK 83.3%[0m | [34m[1mDEBUG   [0m | [36msrc.utils.news_browser[0m:[36m__init__[0m:[36m99[0m |  - [34m[1mCreating browser[0m
[32m2024-06-23 22:54:07.477[0m | [38;2;255;0;255mCPU 5.5%[0m | [38;2;255;0;255mMEM 88.2%[0m | [38;2;255;0;255mDISK 83.3%[0m | [1mINFO    [0m | [36mmain[0m:[36msearch[0m:[36m142[0m |  - [1mNavigating to the site...[0m
[32m2024-06-23 22:56:11.001[0m | [38;2;255;0;255mCPU     [0m | [38;2;255;0;255mMEM     [0m | [38;2;255;0;255mDISK     [0m | [31m[1mERROR   [0m | [36mmain[0m:[36mchallenge[0m:[36m159[0m |  - [31m[1mAn error has been caught in function 'challenge', process 'MainProcess' (18680), thread 'MainThread' (756):[0m
[33m[1mTraceback (most recent call last):[0m

  File "[32mc:\Users\bianc\.vscode\extensions\ms-python.debugpy-2024.6.0-win32-x64\bundled\libs\debugpy\_vendored\pydevd\_pydevd_bundle\[0m[32m[1mpydevd_trace_dispatch_regular.py[0m", line [33m359[0m, in [35m__call__[0m
    [1mis_stepping[0m [35m[1m=[0m [1mpydev_step_cmd[0m [35m[1m!=[0m [35m[1m-[0m[34m[1m1[0m
    [36m              â”” [0m[36m[1m-1[0m

[31m[1mRecursionError[0m:[1m maximum recursion depth exceeded in comparison[0m


[1mDuring handling of the above exception, another exception occurred:[0m


[33m[1mTraceback (most recent call last):[0m

  File "[32mc:\ProgramData\robocorp\ht\82690e2_b1f3c24_09529949\lib\[0m[32m[1mrunpy.py[0m", line [33m196[0m, in [35m_run_module_as_main[0m
    [35m[1mreturn[0m [1m_run_code[0m[1m([0m[1mcode[0m[1m,[0m [1mmain_globals[0m[1m,[0m [36m[1mNone[0m[1m,[0m
    [36m       â”‚         â”‚     â”” [0m[36m[1m{'__name__': '__main__', '__doc__': None, '__package__': 'robocorp.tasks', '__loader__': <_frozen_importlib_external.SourceFi...[0m
    [36m       â”‚         â”” [0m[36m[1m<code object <module> at 0x000002DC2E2CC0E0, file "c:\Users\bianc\.vscode\extensions\ms-python.debugpy-2024.6.0-win32-x64\bun...[0m
    [36m       â”” [0m[36m[1m<function _run_code at 0x000002DC2E2AFBE0>[0m

  File "[32mc:\ProgramData\robocorp\ht\82690e2_b1f3c24_09529949\lib\[0m[32m[1mrunpy.py[0m", line [33m86[0m, in [35m_run_code[0m
    [1mexec[0m[1m([0m[1mcode[0m[1m,[0m [1mrun_globals[0m[1m)[0m
    [36m     â”‚     â”” [0m[36m[1m{'__name__': '__main__', '__doc__': None, '__package__': 'robocorp.tasks', '__loader__': <_frozen_importlib_external.SourceFi...[0m
    [36m     â”” [0m[36m[1m<code object <module> at 0x000002DC2E2CC0E0, file "c:\Users\bianc\.vscode\extensions\ms-python.debugpy-2024.6.0-win32-x64\bun...[0m

  File "[32mc:\Users\bianc\.vscode\extensions\ms-python.debugpy-2024.6.0-win32-x64\bundled\libs\debugpy\[0m[32m[1m__main__.py[0m", line [33m39[0m, in [35m<module>[0m
    [1mcli[0m[35m[1m.[0m[1mmain[0m[1m([0m[1m)[0m
    [36mâ”‚   â”” [0m[36m[1m<function main at 0x000002DC30DFD3F0>[0m
    [36mâ”” [0m[36m[1m<module 'debugpy.server.cli' from 'c:\\Users\\bianc\\.vscode\\extensions\\ms-python.debugpy-2024.6.0-win32-x64\\bundled\\libs...[0m

  File "[32mc:\Users\bianc\.vscode\extensions\ms-python.debugpy-2024.6.0-win32-x64\bundled\libs\debugpy/..\debugpy\server\[0m[32m[1mcli.py[0m", line [33m430[0m, in [35mmain[0m
    [1mrun[0m[1m([0m[1m)[0m
    [36mâ”” [0m[36m[1m<function run_module at 0x000002DC30DFD240>[0m

  File "[32mc:\Users\bianc\.vscode\extensions\ms-python.debugpy-2024.6.0-win32-x64\bundled\libs\debugpy/..\debugpy\server\[0m[32m[1mcli.py[0m", line [33m317[0m, in [35mrun_module[0m
    [1mrun_module_as_main[0m[1m([0m[1moptions[0m[35m[1m.[0m[1mtarget[0m[1m,[0m [1malter_argv[0m[35m[1m=[0m[36m[1mTrue[0m[1m)[0m
    [36mâ”‚                  â”‚       â”” [0m[36m[1m'robocorp.tasks'[0m
    [36mâ”‚                  â”” [0m[36m[1m<debugpy.server.cli.Options object at 0x000002DC30D82FE0>[0m
    [36mâ”” [0m[36m[1m<function _run_module_as_main at 0x000002DC30A7DEA0>[0m

  File "[32mc:\Users\bianc\.vscode\extensions\ms-python.debugpy-2024.6.0-win32-x64\bundled\libs\debugpy\_vendored\pydevd\_pydevd_bundle\[0m[32m[1mpydevd_runpy.py[0m", line [33m238[0m, in [35m_run_module_as_main[0m
    [35m[1mreturn[0m [1m_run_code[0m[1m([0m[1mcode[0m[1m,[0m [1mmain_globals[0m[1m,[0m [36m[1mNone[0m[1m,[0m
    [36m       â”‚         â”‚     â”” [0m[36m[1m{'__name__': '__main__', '__doc__': None, '__package__': 'robocorp.tasks', '__loader__': <_frozen_importlib_external.SourceFi...[0m
    [36m       â”‚         â”” [0m[36m[1m<code object <module> at 0x000002DC30F30450, file "c:\ProgramData\robocorp\ht\82690e2_b1f3c24_09529949\lib\site-packages\robo...[0m
    [36m       â”” [0m[36m[1m<function _run_code at 0x000002DC30A7D990>[0m

  File "[32mc:\Users\bianc\.vscode\extensions\ms-python.debugpy-2024.6.0-win32-x64\bundled\libs\debugpy\_vendored\pydevd\_pydevd_bundle\[0m[32m[1mpydevd_runpy.py[0m", line [33m124[0m, in [35m_run_code[0m
    [1mexec[0m[1m([0m[1mcode[0m[1m,[0m [1mrun_globals[0m[1m)[0m
    [36m     â”‚     â”” [0m[36m[1m{'__name__': '__main__', '__doc__': None, '__package__': 'robocorp.tasks', '__loader__': <_frozen_importlib_external.SourceFi...[0m
    [36m     â”” [0m[36m[1m<code object <module> at 0x000002DC30F30450, file "c:\ProgramData\robocorp\ht\82690e2_b1f3c24_09529949\lib\site-packages\robo...[0m

  File "[32mc:\ProgramData\robocorp\ht\82690e2_b1f3c24_09529949\lib\site-packages\robocorp\tasks\[0m[32m[1m__main__.py[0m", line [33m4[0m, in [35m<module>[0m
    [1mmain[0m[1m([0m[1m)[0m
    [36mâ”” [0m[36m[1m<function main at 0x000002DC30EF9CF0>[0m

  File "[32mc:\ProgramData\robocorp\ht\82690e2_b1f3c24_09529949\lib\site-packages\robocorp\tasks\[0m[32m[1mcli.py[0m", line [33m78[0m, in [35mmain[0m
    [1mreturncode[0m [35m[1m=[0m [1mdispatcher[0m[35m[1m.[0m[1mprocess_args[0m[1m([0m[1margs[0m[1m)[0m
    [36m             â”‚          â”‚            â”” [0m[36m[1m['run', 'c:\\Users\\bianc\\RPAChallenge\\src\\main.py', '-t', 'challenge'][0m
    [36m             â”‚          â”” [0m[36m[1m<function _ArgDispatcher.process_args at 0x000002DC318F70A0>[0m
    [36m             â”” [0m[36m[1m<robocorp.tasks._argdispatch._ArgDispatcher object at 0x000002DC318DDAB0>[0m

  File "[32mc:\ProgramData\robocorp\ht\82690e2_b1f3c24_09529949\lib\site-packages\robocorp\tasks\[0m[32m[1m_argdispatch.py[0m", line [33m227[0m, in [35mprocess_args[0m
    [35m[1mreturn[0m [1mself[0m[35m[1m.[0m[1m_dispatch[0m[1m([0m[1mparsed[0m[1m)[0m
    [36m       â”‚    â”‚         â”” [0m[36m[1mNamespace(command='run', path='c:\\Users\\bianc\\RPAChallenge\\src\\main.py', glob=None, task_name=['challenge'], output_dir=...[0m
    [36m       â”‚    â”” [0m[36m[1m<function _ArgDispatcher._dispatch at 0x000002DC318F6B90>[0m
    [36m       â”” [0m[36m[1m<robocorp.tasks._argdispatch._ArgDispatcher object at 0x000002DC318DDAB0>[0m

  File "[32mc:\ProgramData\robocorp\ht\82690e2_b1f3c24_09529949\lib\site-packages\robocorp\tasks\[0m[32m[1m_argdispatch.py[0m", line [33m22[0m, in [35m_dispatch[0m
    [35m[1mreturn[0m [1mmethod[0m[1m([0m[35m[1m**[0m[1mdct[0m[1m)[0m
    [36m       â”‚        â”” [0m[36m[1m{'path': 'c:\\Users\\bianc\\RPAChallenge\\src\\main.py', 'glob': None, 'task_name': ['challenge'], 'output_dir': '', 'max_log...[0m
    [36m       â”” [0m[36m[1m<function run at 0x000002DC318F71C0>[0m

  File "[32mc:\ProgramData\robocorp\ht\82690e2_b1f3c24_09529949\lib\site-packages\robocorp\tasks\[0m[32m[1m_commands.py[0m", line [33m440[0m, in [35mrun[0m
    [1mresult[0m [35m[1m=[0m [1mtask[0m[35m[1m.[0m[1mrun[0m[1m([0m[35m[1m*[0m[1margs[0m[1m,[0m [35m[1m**[0m[1mkwargs[0m[1m)[0m
    [36m         â”‚    â”‚    â”‚       â”” [0m[36m[1m{}[0m
    [36m         â”‚    â”‚    â”” [0m[36m[1m[][0m
    [36m         â”‚    â”” [0m[36m[1m<function Task.run at 0x000002DC3199E950>[0m
    [36m         â”” [0m[36m[1mTask(challenge, status: NOT_RUN)[0m

  File "[32mc:\ProgramData\robocorp\ht\82690e2_b1f3c24_09529949\lib\site-packages\robocorp\tasks\[0m[32m[1m_task.py[0m", line [33m89[0m, in [35mrun[0m
    [35m[1mreturn[0m [1mself[0m[35m[1m.[0m[1mmethod[0m[1m([0m[35m[1m*[0m[1margs[0m[1m,[0m [35m[1m**[0m[1mkwargs[0m[1m)[0m
    [36m       â”‚    â”‚       â”‚       â”” [0m[36m[1m{}[0m
    [36m       â”‚    â”‚       â”” [0m[36m[1m()[0m
    [36m       â”‚    â”” [0m[36m[1m<function challenge at 0x000002DC3419F490>[0m
    [36m       â”” [0m[36m[1mTask(challenge, status: NOT_RUN)[0m

> File "[32mc:\Users\bianc\RPAChallenge\src\[0m[32m[1mmain.py[0m", line [33m159[0m, in [35mchallenge[0m
    [1mresult[0m [35m[1m=[0m [1msearch[0m[1m([0m[1mnews_browser[0m[1m)[0m
    [36m         â”‚      â”” [0m[36m[1m<src.utils.news_browser.AljazeeraSearch object at 0x000002DC32503DC0>[0m
    [36m         â”” [0m[36m[1m<function search at 0x000002DC3419EF80>[0m

  File "[32mc:\Users\bianc\RPAChallenge\src\[0m[32m[1mmain.py[0m", line [33m146[0m, in [35msearch[0m
    [1mbrowser[0m[35m[1m.[0m[1msearch[0m[1m([0m[1msearch_phrase[0m[1m)[0m
    [36mâ”‚       â”‚      â”” [0m[36m[1m'covid'[0m
    [36mâ”‚       â”” [0m[36m[1m<function AljazeeraSearch.search at 0x000002DC3419E830>[0m
    [36mâ”” [0m[36m[1m<src.utils.news_browser.AljazeeraSearch object at 0x000002DC32503DC0>[0m

  File "[32mc:\Users\bianc\RPAChallenge\src\utils\[0m[32m[1mnews_browser.py[0m", line [33m132[0m, in [35msearch[0m
    [35m[1mwith[0m [1mself[0m[35m[1m.[0m[1mnew_page[0m[1m([0m[1murl[0m[35m[1m=[0m[1mself[0m[35m[1m.[0m[1murl[0m[1m)[0m [35m[1mas[0m [1mpage[0m[1m:[0m
    [36m     â”‚    â”‚            â”‚    â”” [0m[36m[1m'https://www.aljazeera.com'[0m
    [36m     â”‚    â”‚            â”” [0m[36m[1m<src.utils.news_browser.AljazeeraSearch object at 0x000002DC32503DC0>[0m
    [36m     â”‚    â”” [0m[36m[1m<function AljazeeraSearch.new_page at 0x000002DC3419E560>[0m
    [36m     â”” [0m[36m[1m<src.utils.news_browser.AljazeeraSearch object at 0x000002DC32503DC0>[0m

  File "[32mc:\Users\bianc\RPAChallenge\src\utils\[0m[32m[1mnews_browser.py[0m", line [33m128[0m, in [35mnew_page[0m
    [35m[1mreturn[0m [1mAjSearchResultPage[0m[1m([0m[1mself[0m[35m[1m.[0m[1mdriver[0m[1m,[0m [1mself[0m[35m[1m.[0m[1mdriver[0m[35m[1m.[0m[1mcurrent_window_handle[0m[1m)[0m
    [36m       â”‚                  â”‚    â”‚       â”‚    â”‚      â”” [0m[36m[1m<property object at 0x000002DC32DDABB0>[0m
    [36m       â”‚                  â”‚    â”‚       â”‚    â”” [0m[36m[1m<selenium.webdriver.chrome.webdriver.WebDriver (session="f0dd2304c49d23790319aba2e1d05dae")>[0m
    [36m       â”‚                  â”‚    â”‚       â”” [0m[36m[1m<src.utils.news_browser.AljazeeraSearch object at 0x000002DC32503DC0>[0m
    [36m       â”‚                  â”‚    â”” [0m[36m[1m<selenium.webdriver.chrome.webdriver.WebDriver (session="f0dd2304c49d23790319aba2e1d05dae")>[0m
    [36m       â”‚                  â”” [0m[36m[1m<src.utils.news_browser.AljazeeraSearch object at 0x000002DC32503DC0>[0m
    [36m       â”” [0m[36m[1m<class 'src.utils.news_browser.AjSearchResultPage'>[0m

  File "[32mc:\Users\bianc\RPAChallenge\src\utils\[0m[32m[1mnews_browser.py[0m", line [33m64[0m, in [35m__init__[0m
    [35m[1massert[0m [1mhandle[0m [35m[1mnot[0m [35m[1min[0m [1mself[0m[35m[1m.[0m[1m_pages[0m[1m,[0m [36m"Page already exists"[0m
    [36m       â”‚             â”” [0m[36m[1m<unprintable AjSearchResultPage object>[0m
    [36m       â”” [0m[36m[1m'F118ECED4D3962C1B437C5769045EB35'[0m

  File "[32mc:\Users\bianc\RPAChallenge\src\utils\[0m[32m[1mnews_browser.py[0m", line [33m69[0m, in [35m__getattr__[0m
    [35m[1mif[0m [1mhasattr[0m[1m([0m[1mself[0m[35m[1m.[0m[1mother[0m[1m,[0m [1mname[0m[1m)[0m[1m:[0m
    [36m           â”‚           â”” [0m[36m[1m'_pages'[0m
    [36m           â”” [0m[36m[1m<unprintable AjSearchResultPage object>[0m

  File "[32mc:\Users\bianc\RPAChallenge\src\utils\[0m[32m[1mnews_browser.py[0m", line [33m69[0m, in [35m__getattr__[0m
    [35m[1mif[0m [1mhasattr[0m[1m([0m[1mself[0m[35m[1m.[0m[1mother[0m[1m,[0m [1mname[0m[1m)[0m[1m:[0m
    [36m           â”‚           â”” [0m[36m[1m'other'[0m
    [36m           â”” [0m[36m[1m<unprintable AjSearchResultPage object>[0m

  File "[32mc:\Users\bianc\RPAChallenge\src\utils\[0m[32m[1mnews_browser.py[0m", line [33m69[0m, in [35m__getattr__[0m
    [35m[1mif[0m [1mhasattr[0m[1m([0m[1mself[0m[35m[1m.[0m[1mother[0m[1m,[0m [1mname[0m[1m)[0m[1m:[0m
    [36m           â”‚           â”” [0m[36m[1m'other'[0m
    [36m           â”” [0m[36m[1m<unprintable AjSearchResultPage object>[0m
  [Previous line repeated 972 more times]

  File "[32mc:\Users\bianc\RPAChallenge\src\utils\[0m[32m[1mnews_browser.py[0m", line [33m68[0m, in [35m__getattr__[0m
    [35m[1mdef[0m [1m__getattr__[0m[1m([0m[1mself[0m[1m,[0m [1mname[0m[1m)[0m[1m:[0m
    [36m                â”‚     â”” [0m[36m[1m'other'[0m
    [36m                â”” [0m[36m[1m<unprintable AjSearchResultPage object>[0m

  File "[32mc:\Users\bianc\.vscode\extensions\ms-python.debugpy-2024.6.0-win32-x64\bundled\libs\debugpy\_vendored\pydevd\_pydevd_bundle\[0m[32m[1mpydevd_trace_dispatch_regular.py[0m", line [33m469[0m, in [35m__call__[0m
    [35m[1mreturn[0m [36m[1mNone[0m [35m[1mif[0m [1mevent[0m [35m[1m==[0m [36m'call'[0m [35m[1melse[0m [1mNO_FTRACE[0m
    [36m               â”‚                    â”” [0m[36m[1m<function NO_FTRACE at 0x000002DC305AD900>[0m
    [36m               â”” [0m[36m[1m'call'[0m

[31m[1mRecursionError[0m:[1m maximum recursion depth exceeded in comparison[0m
[32m2024-06-23 23:22:17.469[0m | [38;2;255;0;255mCPU 8.8%[0m | [38;2;255;0;255mMEM 82.8%[0m | [38;2;255;0;255mDISK 83.3%[0m | [1mINFO    [0m | [36mmain[0m:[36mchallenge[0m:[36m153[0m |  - [1mWorkitem: {'search_phrase': 'covid', 'news_section': ['business', 'technology', 'entertainment'], 'number_months': 1}[0m
[32m2024-06-23 23:22:17.482[0m | [38;2;255;0;255mCPU 0.0%[0m | [38;2;255;0;255mMEM 82.8%[0m | [38;2;255;0;255mDISK 83.3%[0m | [1mINFO    [0m | [36mmain[0m:[36mchallenge[0m:[36m155[0m |  - [1mStarting the challenge...[0m
[32m2024-06-23 23:22:17.494[0m | [38;2;255;0;255mCPU 0.0%[0m | [38;2;255;0;255mMEM 82.8%[0m | [38;2;255;0;255mDISK 83.3%[0m | [34m[1mDEBUG   [0m | [36msrc.utils.news_browser[0m:[36m__init__[0m:[36m98[0m |  - [34m[1mCreating browser[0m
[32m2024-06-23 23:22:21.656[0m | [38;2;255;0;255mCPU 8.9%[0m | [38;2;255;0;255mMEM 86.6%[0m | [38;2;255;0;255mDISK 83.3%[0m | [1mINFO    [0m | [36mmain[0m:[36msearch[0m:[36m142[0m |  - [1mNavigating to the site...[0m
[32m2024-06-23 23:23:03.942[0m | [38;2;255;0;255mCPU 2.9%[0m | [38;2;255;0;255mMEM 81.6%[0m | [38;2;255;0;255mDISK 83.3%[0m | [1mINFO    [0m | [36mmain[0m:[36mchallenge[0m:[36m153[0m |  - [1mWorkitem: {'search_phrase': 'covid', 'news_section': ['business', 'technology', 'entertainment'], 'number_months': 1}[0m
[32m2024-06-23 23:23:03.954[0m | [38;2;255;0;255mCPU 8.3%[0m | [38;2;255;0;255mMEM 81.6%[0m | [38;2;255;0;255mDISK 83.3%[0m | [1mINFO    [0m | [36mmain[0m:[36mchallenge[0m:[36m155[0m |  - [1mStarting the challenge...[0m
[32m2024-06-23 23:23:03.966[0m | [38;2;255;0;255mCPU 0.0%[0m | [38;2;255;0;255mMEM 81.6%[0m | [38;2;255;0;255mDISK 83.3%[0m | [34m[1mDEBUG   [0m | [36msrc.utils.news_browser[0m:[36m__init__[0m:[36m99[0m |  - [34m[1mCreating browser[0m
[32m2024-06-23 23:23:07.366[0m | [38;2;255;0;255mCPU 6.2%[0m | [38;2;255;0;255mMEM 84.1%[0m | [38;2;255;0;255mDISK 83.3%[0m | [1mINFO    [0m | [36mmain[0m:[36msearch[0m:[36m142[0m |  - [1mNavigating to the site...[0m
[32m2024-06-23 23:23:58.381[0m | [38;2;255;0;255mCPU 3.4%[0m | [38;2;255;0;255mMEM 85.3%[0m | [38;2;255;0;255mDISK 83.3%[0m | [1mINFO    [0m | [36mmain[0m:[36mchallenge[0m:[36m153[0m |  - [1mWorkitem: {'search_phrase': 'covid', 'news_section': ['business', 'technology', 'entertainment'], 'number_months': 1}[0m
[32m2024-06-23 23:23:58.391[0m | [38;2;255;0;255mCPU 0.0%[0m | [38;2;255;0;255mMEM 85.3%[0m | [38;2;255;0;255mDISK 83.3%[0m | [1mINFO    [0m | [36mmain[0m:[36mchallenge[0m:[36m155[0m |  - [1mStarting the challenge...[0m
[32m2024-06-23 23:23:58.404[0m | [38;2;255;0;255mCPU 11.1%[0m | [38;2;255;0;255mMEM 85.4%[0m | [38;2;255;0;255mDISK 83.3%[0m | [34m[1mDEBUG   [0m | [36msrc.utils.news_browser[0m:[36m__init__[0m:[36m55[0m |  - [34m[1mCreating browser[0m
[32m2024-06-23 23:24:01.750[0m | [38;2;255;0;255mCPU 8.9%[0m | [38;2;255;0;255mMEM 88.3%[0m | [38;2;255;0;255mDISK 83.3%[0m | [1mINFO    [0m | [36mmain[0m:[36msearch[0m:[36m142[0m |  - [1mNavigating to the site...[0m
[32m2024-06-23 23:25:18.976[0m | [38;2;255;0;255mCPU 2.8%[0m | [38;2;255;0;255mMEM 91.9%[0m | [38;2;255;0;255mDISK 83.3%[0m | [1mINFO    [0m | [36mmain[0m:[36mchallenge[0m:[36m153[0m |  - [1mWorkitem: {'search_phrase': 'covid', 'news_section': ['business', 'technology', 'entertainment'], 'number_months': 1}[0m
[32m2024-06-23 23:25:20.021[0m | [38;2;255;0;255mCPU 8.1%[0m | [38;2;255;0;255mMEM 90.6%[0m | [38;2;255;0;255mDISK 83.3%[0m | [1mINFO    [0m | [36mmain[0m:[36mchallenge[0m:[36m155[0m |  - [1mStarting the challenge...[0m
[32m2024-06-23 23:25:20.034[0m | [38;2;255;0;255mCPU 9.1%[0m | [38;2;255;0;255mMEM 90.6%[0m | [38;2;255;0;255mDISK 83.3%[0m | [34m[1mDEBUG   [0m | [36msrc.utils.news_browser[0m:[36m__init__[0m:[36m55[0m |  - [34m[1mCreating browser[0m
[32m2024-06-23 23:25:25.582[0m | [38;2;255;0;255mCPU 6.0%[0m | [38;2;255;0;255mMEM 92.0%[0m | [38;2;255;0;255mDISK 83.3%[0m | [1mINFO    [0m | [36mmain[0m:[36msearch[0m:[36m142[0m |  - [1mNavigating to the site...[0m
[32m2024-06-23 23:27:07.587[0m | [38;2;255;0;255mCPU 0.0%[0m | [38;2;255;0;255mMEM 84.2%[0m | [38;2;255;0;255mDISK 83.4%[0m | [1mINFO    [0m | [36mmain[0m:[36mchallenge[0m:[36m153[0m |  - [1mWorkitem: {'search_phrase': 'covid', 'news_section': ['business', 'technology', 'entertainment'], 'number_months': 1}[0m
[32m2024-06-23 23:27:07.599[0m | [38;2;255;0;255mCPU 0.0%[0m | [38;2;255;0;255mMEM 84.2%[0m | [38;2;255;0;255mDISK 83.4%[0m | [1mINFO    [0m | [36mmain[0m:[36mchallenge[0m:[36m155[0m |  - [1mStarting the challenge...[0m
[32m2024-06-23 23:27:07.610[0m | [38;2;255;0;255mCPU 0.0%[0m | [38;2;255;0;255mMEM 84.2%[0m | [38;2;255;0;255mDISK 83.4%[0m | [34m[1mDEBUG   [0m | [36msrc.utils.news_browser[0m:[36m__init__[0m:[36m55[0m |  - [34m[1mCreating browser[0m
[32m2024-06-23 23:27:11.109[0m | [38;2;255;0;255mCPU 7.5%[0m | [38;2;255;0;255mMEM 86.7%[0m | [38;2;255;0;255mDISK 83.4%[0m | [1mINFO    [0m | [36mmain[0m:[36msearch[0m:[36m142[0m |  - [1mNavigating to the site...[0m
[32m2024-06-23 23:27:44.375[0m | [38;2;255;0;255mCPU 3.0%[0m | [38;2;255;0;255mMEM 80.5%[0m | [38;2;255;0;255mDISK 83.4%[0m | [1mINFO    [0m | [36mmain[0m:[36mchallenge[0m:[36m153[0m |  - [1mWorkitem: {'search_phrase': 'covid', 'news_section': ['business', 'technology', 'entertainment'], 'number_months': 1}[0m
[32m2024-06-23 23:27:44.387[0m | [38;2;255;0;255mCPU 9.1%[0m | [38;2;255;0;255mMEM 80.5%[0m | [38;2;255;0;255mDISK 83.4%[0m | [1mINFO    [0m | [36mmain[0m:[36mchallenge[0m:[36m155[0m |  - [1mStarting the challenge...[0m
[32m2024-06-23 23:27:44.399[0m | [38;2;255;0;255mCPU 0.0%[0m | [38;2;255;0;255mMEM 80.5%[0m | [38;2;255;0;255mDISK 83.4%[0m | [34m[1mDEBUG   [0m | [36msrc.utils.news_browser[0m:[36m__init__[0m:[36m55[0m |  - [34m[1mCreating browser[0m
[32m2024-06-23 23:27:47.862[0m | [38;2;255;0;255mCPU 8.9%[0m | [38;2;255;0;255mMEM 86.1%[0m | [38;2;255;0;255mDISK 83.4%[0m | [1mINFO    [0m | [36mmain[0m:[36msearch[0m:[36m142[0m |  - [1mNavigating to the site...[0m
[32m2024-06-23 23:29:30.592[0m | [38;2;255;0;255mCPU 2.6%[0m | [38;2;255;0;255mMEM 80.7%[0m | [38;2;255;0;255mDISK 83.4%[0m | [1mINFO    [0m | [36mmain[0m:[36mchallenge[0m:[36m153[0m |  - [1mWorkitem: {'search_phrase': 'covid', 'news_section': ['business', 'technology', 'entertainment'], 'number_months': 1}[0m
[32m2024-06-23 23:29:30.604[0m | [38;2;255;0;255mCPU 9.1%[0m | [38;2;255;0;255mMEM 80.7%[0m | [38;2;255;0;255mDISK 83.4%[0m | [1mINFO    [0m | [36mmain[0m:[36mchallenge[0m:[36m155[0m |  - [1mStarting the challenge...[0m
[32m2024-06-23 23:29:30.621[0m | [38;2;255;0;255mCPU 7.1%[0m | [38;2;255;0;255mMEM 80.7%[0m | [38;2;255;0;255mDISK 83.4%[0m | [34m[1mDEBUG   [0m | [36msrc.utils.news_browser[0m:[36m__init__[0m:[36m55[0m |  - [34m[1mCreating browser[0m
[32m2024-06-23 23:29:34.101[0m | [38;2;255;0;255mCPU 9.4%[0m | [38;2;255;0;255mMEM 84.2%[0m | [38;2;255;0;255mDISK 83.4%[0m | [1mINFO    [0m | [36mmain[0m:[36msearch[0m:[36m142[0m |  - [1mNavigating to the site...[0m
[32m2024-06-23 23:33:59.329[0m | [38;2;255;0;255mCPU 0.0%[0m | [38;2;255;0;255mMEM 80.1%[0m | [38;2;255;0;255mDISK 83.4%[0m | [1mINFO    [0m | [36mmain[0m:[36mchallenge[0m:[36m153[0m |  - [1mWorkitem: {'search_phrase': 'covid', 'news_section': ['business', 'technology', 'entertainment'], 'number_months': 1}[0m
[32m2024-06-23 23:33:59.344[0m | [38;2;255;0;255mCPU 10.0%[0m | [38;2;255;0;255mMEM 80.1%[0m | [38;2;255;0;255mDISK 83.4%[0m | [1mINFO    [0m | [36mmain[0m:[36mchallenge[0m:[36m155[0m |  - [1mStarting the challenge...[0m
[32m2024-06-23 23:33:59.356[0m | [38;2;255;0;255mCPU 0.0%[0m | [38;2;255;0;255mMEM 80.1%[0m | [38;2;255;0;255mDISK 83.4%[0m | [34m[1mDEBUG   [0m | [36msrc.utils.news_browser[0m:[36m__init__[0m:[36m57[0m |  - [34m[1mCreating browser[0m
[32m2024-06-23 23:34:02.889[0m | [38;2;255;0;255mCPU 9.0%[0m | [38;2;255;0;255mMEM 83.1%[0m | [38;2;255;0;255mDISK 83.4%[0m | [1mINFO    [0m | [36mmain[0m:[36msearch[0m:[36m142[0m |  - [1mNavigating to the site...[0m
[32m2024-06-23 23:54:29.103[0m | [38;2;255;0;255mCPU 3.4%[0m | [38;2;255;0;255mMEM 89.7%[0m | [38;2;255;0;255mDISK 83.5%[0m | [1mINFO    [0m | [36mmain[0m:[36mchallenge[0m:[36m153[0m |  - [1mWorkitem: {'search_phrase': 'covid', 'news_section': ['business', 'technology', 'entertainment'], 'number_months': 1}[0m
[32m2024-06-23 23:54:29.116[0m | [38;2;255;0;255mCPU 0.0%[0m | [38;2;255;0;255mMEM 89.7%[0m | [38;2;255;0;255mDISK 83.5%[0m | [1mINFO    [0m | [36mmain[0m:[36mchallenge[0m:[36m155[0m |  - [1mStarting the challenge...[0m
[32m2024-06-23 23:54:29.127[0m | [38;2;255;0;255mCPU 0.0%[0m | [38;2;255;0;255mMEM 89.7%[0m | [38;2;255;0;255mDISK 83.5%[0m | [34m[1mDEBUG   [0m | [36msrc.utils.news_browser[0m:[36m__init__[0m:[36m59[0m |  - [34m[1mCreating browser[0m
[32m2024-06-23 23:54:32.927[0m | [38;2;255;0;255mCPU 6.1%[0m | [38;2;255;0;255mMEM 92.8%[0m | [38;2;255;0;255mDISK 83.5%[0m | [1mINFO    [0m | [36mmain[0m:[36msearch[0m:[36m142[0m |  - [1mNavigating to the site...[0m
[32m2024-06-23 23:57:41.577[0m | [38;2;255;0;255mCPU 2.8%[0m | [38;2;255;0;255mMEM 86.4%[0m | [38;2;255;0;255mDISK 83.5%[0m | [1mINFO    [0m | [36mmain[0m:[36mchallenge[0m:[36m153[0m |  - [1mWorkitem: {'search_phrase': 'covid', 'news_section': ['business', 'technology', 'entertainment'], 'number_months': 1}[0m
[32m2024-06-23 23:57:41.591[0m | [38;2;255;0;255mCPU 0.0%[0m | [38;2;255;0;255mMEM 87.2%[0m | [38;2;255;0;255mDISK 83.5%[0m | [1mINFO    [0m | [36mmain[0m:[36mchallenge[0m:[36m155[0m |  - [1mStarting the challenge...[0m
[32m2024-06-23 23:57:41.601[0m | [38;2;255;0;255mCPU 0.0%[0m | [38;2;255;0;255mMEM 86.6%[0m | [38;2;255;0;255mDISK 83.5%[0m | [34m[1mDEBUG   [0m | [36msrc.utils.news_browser[0m:[36m__init__[0m:[36m59[0m |  - [34m[1mCreating browser[0m
[32m2024-06-23 23:57:48.561[0m | [38;2;255;0;255mCPU 5.1%[0m | [38;2;255;0;255mMEM 87.1%[0m | [38;2;255;0;255mDISK 83.5%[0m | [1mINFO    [0m | [36mmain[0m:[36msearch[0m:[36m142[0m |  - [1mNavigating to the site...[0m
[32m2024-06-23 23:58:16.327[0m | [38;2;255;0;255mCPU     [0m | [38;2;255;0;255mMEM     [0m | [38;2;255;0;255mDISK     [0m | [31m[1mERROR   [0m | [36mmain[0m:[36mchallenge[0m:[36m159[0m |  - [31m[1mAn error has been caught in function 'challenge', process 'MainProcess' (20416), thread 'MainThread' (4180):[0m
[33m[1mTraceback (most recent call last):[0m

  File "[32mc:\Users\bianc\RPAChallenge\src\utils\[0m[32m[1mnews_browser.py[0m", line [33m93[0m, in [35msearch[0m
    [35m[1mwith[0m [1mself[0m[35m[1m.[0m[1mnew_page[0m[1m([0m[1murl[0m[35m[1m=[0m[36mf"{self.url}/search/{search_phrase}"[0m[1m)[0m [35m[1mas[0m [1msearch_page[0m[1m:[0m
    [36m     â”‚    â”‚                                                     â”” [0m[36m[1m<unprintable AjSearchResultPage object>[0m
    [36m     â”‚    â”” [0m[36m[1m<function AljazeeraSearch.new_page at 0x000001F8B6DAE440>[0m
    [36m     â”” [0m[36m[1m<src.utils.news_browser.AljazeeraSearch object at 0x000001F8B4692CB0>[0m

  File "[32mc:\Users\bianc\RPAChallenge\src\utils\[0m[32m[1mnews_browser.py[0m", line [33m48[0m, in [35m__exit__[0m
    [1mself[0m[35m[1m.[0m[1mdriver[0m[35m[1m.[0m[1mswitch_to[0m[35m[1m.[0m[1mwindow[0m[1m([0m[1mself[0m[35m[1m.[0m[1mlast_page[0m[1m)[0m
    [36mâ”‚    â”‚      â”‚                â”” [0m[36m[1m<unprintable AjSearchResultPage object>[0m
    [36mâ”‚    â”‚      â”” [0m[36m[1m<property object at 0x000001F8B59EB150>[0m
    [36mâ”‚    â”” [0m[36m[1m<selenium.webdriver.chrome.webdriver.WebDriver (session="a1af643d25284c2ba4b207a0a911d960")>[0m
    [36mâ”” [0m[36m[1m<unprintable AjSearchResultPage object>[0m

  File "[32mc:\Users\bianc\RPAChallenge\src\utils\[0m[32m[1mnews_browser.py[0m", line [33m35[0m, in [35m__getattr__[0m
    [35m[1mif[0m [1mself[0m[35m[1m.[0m[1mdriver[0m[35m[1m.[0m[1mcurrent_window_handle[0m [35m[1m!=[0m [1mself[0m[35m[1m.[0m[1mhandle[0m[1m:[0m
    [36m   â”‚    â”‚      â”‚                        â”‚    â”” [0m[36m[1m'A75E91898AB1B605F1156F6A4196C59B'[0m
    [36m   â”‚    â”‚      â”‚                        â”” [0m[36m[1m<unprintable AjSearchResultPage object>[0m
    [36m   â”‚    â”‚      â”” [0m[36m[1m<property object at 0x000001F8B59EAFC0>[0m
    [36m   â”‚    â”” [0m[36m[1m<selenium.webdriver.chrome.webdriver.WebDriver (session="a1af643d25284c2ba4b207a0a911d960")>[0m
    [36m   â”” [0m[36m[1m<unprintable AjSearchResultPage object>[0m

  File "[32mc:\ProgramData\robocorp\ht\82690e2_b1f3c24_09529949\lib\site-packages\selenium\webdriver\remote\[0m[32m[1mwebdriver.py[0m", line [33m483[0m, in [35mcurrent_window_handle[0m
    [35m[1mreturn[0m [1mself[0m[35m[1m.[0m[1mexecute[0m[1m([0m[1mCommand[0m[35m[1m.[0m[1mW3C_GET_CURRENT_WINDOW_HANDLE[0m[1m)[0m[1m[[0m[36m"value"[0m[1m][0m
    [36m       â”‚    â”‚       â”‚       â”” [0m[36m[1m'w3cGetCurrentWindowHandle'[0m
    [36m       â”‚    â”‚       â”” [0m[36m[1m<class 'selenium.webdriver.remote.command.Command'>[0m
    [36m       â”‚    â”” [0m[36m[1m<function WebDriver.execute at 0x000001F8B59E7250>[0m
    [36m       â”” [0m[36m[1m<selenium.webdriver.chrome.webdriver.WebDriver (session="a1af643d25284c2ba4b207a0a911d960")>[0m

  File "[32mc:\ProgramData\robocorp\ht\82690e2_b1f3c24_09529949\lib\site-packages\selenium\webdriver\remote\[0m[32m[1mwebdriver.py[0m", line [33m347[0m, in [35mexecute[0m
    [1mself[0m[35m[1m.[0m[1merror_handler[0m[35m[1m.[0m[1mcheck_response[0m[1m([0m[1mresponse[0m[1m)[0m
    [36mâ”‚    â”‚             â”‚              â”” [0m[36m[1m{'status': 404, 'value': '{"value":{"error":"no such window","message":"no such window: target window already closed\\nfrom u...[0m
    [36mâ”‚    â”‚             â”” [0m[36m[1m<function ErrorHandler.check_response at 0x000001F8B594F7F0>[0m
    [36mâ”‚    â”” [0m[36m[1m<selenium.webdriver.remote.errorhandler.ErrorHandler object at 0x000001F8B6DF33D0>[0m
    [36mâ”” [0m[36m[1m<selenium.webdriver.chrome.webdriver.WebDriver (session="a1af643d25284c2ba4b207a0a911d960")>[0m

  File "[32mc:\ProgramData\robocorp\ht\82690e2_b1f3c24_09529949\lib\site-packages\selenium\webdriver\remote\[0m[32m[1merrorhandler.py[0m", line [33m229[0m, in [35mcheck_response[0m
    [35m[1mraise[0m [1mexception_class[0m[1m([0m[1mmessage[0m[1m,[0m [1mscreen[0m[1m,[0m [1mstacktrace[0m[1m)[0m
    [36m      â”‚               â”‚        â”‚       â”” [0m[36m[1m['\tGetHandleVerifier [0x00CF0ED3+27667]', '\t(No symbol) [0x00C86BD4]', '\t(No symbol) [0x00B81AFF]', '\t(No symbol) [0x00B5...[0m
    [36m      â”‚               â”‚        â”” [0m[36m[1mNone[0m
    [36m      â”‚               â”” [0m[36m[1m'no such window: target window already closed\nfrom unknown error: web view not found\n  (Session info: chrome=126.0.6478.114)'[0m
    [36m      â”” [0m[36m[1m<class 'selenium.common.exceptions.NoSuchWindowException'>[0m

[31m[1mselenium.common.exceptions.NoSuchWindowException[0m:[1m Message: no such window: target window already closed
from unknown error: web view not found
  (Session info: chrome=126.0.6478.114)
Stacktrace:
	GetHandleVerifier [0x00CF0ED3+27667]
	(No symbol) [0x00C86BD4]
	(No symbol) [0x00B81AFF]
	(No symbol) [0x00B5E483]
	(No symbol) [0x00BEA00F]
	(No symbol) [0x00BEF6AB]
	(No symbol) [0x00BE38F3]
	(No symbol) [0x00BB74D1]
	(No symbol) [0x00BB804D]
	GetHandleVerifier [0x00FA3D43+2857603]
	GetHandleVerifier [0x00FF7EAD+3202029]
	GetHandleVerifier [0x00D746D4+566292]
	GetHandleVerifier [0x00D7B8CC+595468]
	(No symbol) [0x00C8F9C4]
	(No symbol) [0x00C8C6D8]
	(No symbol) [0x00C8C877]
	(No symbol) [0x00C7E76E]
	BaseThreadInitThunk [0x76007BA9+25]
	RtlInitializeExceptionChain [0x7751C10B+107]
	RtlClearBits [0x7751C08F+191]
[0m


[1mDuring handling of the above exception, another exception occurred:[0m


[33m[1mTraceback (most recent call last):[0m

  File "[32mc:\ProgramData\robocorp\ht\82690e2_b1f3c24_09529949\lib\[0m[32m[1mrunpy.py[0m", line [33m196[0m, in [35m_run_module_as_main[0m
    [35m[1mreturn[0m [1m_run_code[0m[1m([0m[1mcode[0m[1m,[0m [1mmain_globals[0m[1m,[0m [36m[1mNone[0m[1m,[0m
    [36m       â”‚         â”‚     â”” [0m[36m[1m{'__name__': '__main__', '__doc__': None, '__package__': 'robocorp.tasks', '__loader__': <_frozen_importlib_external.SourceFi...[0m
    [36m       â”‚         â”” [0m[36m[1m<code object <module> at 0x000001F8B0F2C0E0, file "c:\Users\bianc\.vscode\extensions\ms-python.debugpy-2024.6.0-win32-x64\bun...[0m
    [36m       â”” [0m[36m[1m<function _run_code at 0x000001F8B0F0FBE0>[0m

  File "[32mc:\ProgramData\robocorp\ht\82690e2_b1f3c24_09529949\lib\[0m[32m[1mrunpy.py[0m", line [33m86[0m, in [35m_run_code[0m
    [1mexec[0m[1m([0m[1mcode[0m[1m,[0m [1mrun_globals[0m[1m)[0m
    [36m     â”‚     â”” [0m[36m[1m{'__name__': '__main__', '__doc__': None, '__package__': 'robocorp.tasks', '__loader__': <_frozen_importlib_external.SourceFi...[0m
    [36m     â”” [0m[36m[1m<code object <module> at 0x000001F8B0F2C0E0, file "c:\Users\bianc\.vscode\extensions\ms-python.debugpy-2024.6.0-win32-x64\bun...[0m

  File "[32mc:\Users\bianc\.vscode\extensions\ms-python.debugpy-2024.6.0-win32-x64\bundled\libs\debugpy\[0m[32m[1m__main__.py[0m", line [33m39[0m, in [35m<module>[0m
    [1mcli[0m[35m[1m.[0m[1mmain[0m[1m([0m[1m)[0m
    [36mâ”‚   â”” [0m[36m[1m<function main at 0x000001F8B3A5D3F0>[0m
    [36mâ”” [0m[36m[1m<module 'debugpy.server.cli' from 'c:\\Users\\bianc\\.vscode\\extensions\\ms-python.debugpy-2024.6.0-win32-x64\\bundled\\libs...[0m

  File "[32mc:\Users\bianc\.vscode\extensions\ms-python.debugpy-2024.6.0-win32-x64\bundled\libs\debugpy/..\debugpy\server\[0m[32m[1mcli.py[0m", line [33m430[0m, in [35mmain[0m
    [1mrun[0m[1m([0m[1m)[0m
    [36mâ”” [0m[36m[1m<function run_module at 0x000001F8B3A5D240>[0m

  File "[32mc:\Users\bianc\.vscode\extensions\ms-python.debugpy-2024.6.0-win32-x64\bundled\libs\debugpy/..\debugpy\server\[0m[32m[1mcli.py[0m", line [33m317[0m, in [35mrun_module[0m
    [1mrun_module_as_main[0m[1m([0m[1moptions[0m[35m[1m.[0m[1mtarget[0m[1m,[0m [1malter_argv[0m[35m[1m=[0m[36m[1mTrue[0m[1m)[0m
    [36mâ”‚                  â”‚       â”” [0m[36m[1m'robocorp.tasks'[0m
    [36mâ”‚                  â”” [0m[36m[1m<debugpy.server.cli.Options object at 0x000001F8B39E6FE0>[0m
    [36mâ”” [0m[36m[1m<function _run_module_as_main at 0x000001F8B36DDEA0>[0m

  File "[32mc:\Users\bianc\.vscode\extensions\ms-python.debugpy-2024.6.0-win32-x64\bundled\libs\debugpy\_vendored\pydevd\_pydevd_bundle\[0m[32m[1mpydevd_runpy.py[0m", line [33m238[0m, in [35m_run_module_as_main[0m
    [35m[1mreturn[0m [1m_run_code[0m[1m([0m[1mcode[0m[1m,[0m [1mmain_globals[0m[1m,[0m [36m[1mNone[0m[1m,[0m
    [36m       â”‚         â”‚     â”” [0m[36m[1m{'__name__': '__main__', '__doc__': None, '__package__': 'robocorp.tasks', '__loader__': <_frozen_importlib_external.SourceFi...[0m
    [36m       â”‚         â”” [0m[36m[1m<code object <module> at 0x000001F8B3B8B5D0, file "c:\ProgramData\robocorp\ht\82690e2_b1f3c24_09529949\lib\site-packages\robo...[0m
    [36m       â”” [0m[36m[1m<function _run_code at 0x000001F8B36DD990>[0m

  File "[32mc:\Users\bianc\.vscode\extensions\ms-python.debugpy-2024.6.0-win32-x64\bundled\libs\debugpy\_vendored\pydevd\_pydevd_bundle\[0m[32m[1mpydevd_runpy.py[0m", line [33m124[0m, in [35m_run_code[0m
    [1mexec[0m[1m([0m[1mcode[0m[1m,[0m [1mrun_globals[0m[1m)[0m
    [36m     â”‚     â”” [0m[36m[1m{'__name__': '__main__', '__doc__': None, '__package__': 'robocorp.tasks', '__loader__': <_frozen_importlib_external.SourceFi...[0m
    [36m     â”” [0m[36m[1m<code object <module> at 0x000001F8B3B8B5D0, file "c:\ProgramData\robocorp\ht\82690e2_b1f3c24_09529949\lib\site-packages\robo...[0m

  File "[32mc:\ProgramData\robocorp\ht\82690e2_b1f3c24_09529949\lib\site-packages\robocorp\tasks\[0m[32m[1m__main__.py[0m", line [33m4[0m, in [35m<module>[0m
    [1mmain[0m[1m([0m[1m)[0m
    [36mâ”” [0m[36m[1m<function main at 0x000001F8B3B59CF0>[0m

  File "[32mc:\ProgramData\robocorp\ht\82690e2_b1f3c24_09529949\lib\site-packages\robocorp\tasks\[0m[32m[1mcli.py[0m", line [33m78[0m, in [35mmain[0m
    [1mreturncode[0m [35m[1m=[0m [1mdispatcher[0m[35m[1m.[0m[1mprocess_args[0m[1m([0m[1margs[0m[1m)[0m
    [36m             â”‚          â”‚            â”” [0m[36m[1m['run', 'c:\\Users\\bianc\\RPAChallenge\\src\\main.py', '-t', 'challenge'][0m
    [36m             â”‚          â”” [0m[36m[1m<function _ArgDispatcher.process_args at 0x000001F8B454F0A0>[0m
    [36m             â”” [0m[36m[1m<robocorp.tasks._argdispatch._ArgDispatcher object at 0x000001F8B4539960>[0m

  File "[32mc:\ProgramData\robocorp\ht\82690e2_b1f3c24_09529949\lib\site-packages\robocorp\tasks\[0m[32m[1m_argdispatch.py[0m", line [33m227[0m, in [35mprocess_args[0m
    [35m[1mreturn[0m [1mself[0m[35m[1m.[0m[1m_dispatch[0m[1m([0m[1mparsed[0m[1m)[0m
    [36m       â”‚    â”‚         â”” [0m[36m[1mNamespace(command='run', path='c:\\Users\\bianc\\RPAChallenge\\src\\main.py', glob=None, task_name=['challenge'], output_dir=...[0m
    [36m       â”‚    â”” [0m[36m[1m<function _ArgDispatcher._dispatch at 0x000001F8B454EB90>[0m
    [36m       â”” [0m[36m[1m<robocorp.tasks._argdispatch._ArgDispatcher object at 0x000001F8B4539960>[0m

  File "[32mc:\ProgramData\robocorp\ht\82690e2_b1f3c24_09529949\lib\site-packages\robocorp\tasks\[0m[32m[1m_argdispatch.py[0m", line [33m22[0m, in [35m_dispatch[0m
    [35m[1mreturn[0m [1mmethod[0m[1m([0m[35m[1m**[0m[1mdct[0m[1m)[0m
    [36m       â”‚        â”” [0m[36m[1m{'path': 'c:\\Users\\bianc\\RPAChallenge\\src\\main.py', 'glob': None, 'task_name': ['challenge'], 'output_dir': '', 'max_log...[0m
    [36m       â”” [0m[36m[1m<function run at 0x000001F8B454F1C0>[0m

  File "[32mc:\ProgramData\robocorp\ht\82690e2_b1f3c24_09529949\lib\site-packages\robocorp\tasks\[0m[32m[1m_commands.py[0m", line [33m440[0m, in [35mrun[0m
    [1mresult[0m [35m[1m=[0m [1mtask[0m[35m[1m.[0m[1mrun[0m[1m([0m[35m[1m*[0m[1margs[0m[1m,[0m [35m[1m**[0m[1mkwargs[0m[1m)[0m
    [36m         â”‚    â”‚    â”‚       â”” [0m[36m[1m{}[0m
    [36m         â”‚    â”‚    â”” [0m[36m[1m[][0m
    [36m         â”‚    â”” [0m[36m[1m<function Task.run at 0x000001F8B46028C0>[0m
    [36m         â”” [0m[36m[1mTask(challenge, status: NOT_RUN)[0m

  File "[32mc:\ProgramData\robocorp\ht\82690e2_b1f3c24_09529949\lib\site-packages\robocorp\tasks\[0m[32m[1m_task.py[0m", line [33m89[0m, in [35mrun[0m
    [35m[1mreturn[0m [1mself[0m[35m[1m.[0m[1mmethod[0m[1m([0m[35m[1m*[0m[1margs[0m[1m,[0m [35m[1m**[0m[1mkwargs[0m[1m)[0m
    [36m       â”‚    â”‚       â”‚       â”” [0m[36m[1m{}[0m
    [36m       â”‚    â”‚       â”” [0m[36m[1m()[0m
    [36m       â”‚    â”” [0m[36m[1m<function challenge at 0x000001F8B6DAE200>[0m
    [36m       â”” [0m[36m[1mTask(challenge, status: NOT_RUN)[0m

> File "[32mc:\Users\bianc\RPAChallenge\src\[0m[32m[1mmain.py[0m", line [33m159[0m, in [35mchallenge[0m
    [1mresult[0m [35m[1m=[0m [1msearch[0m[1m([0m[1mnews_browser[0m[1m)[0m
    [36m         â”‚      â”” [0m[36m[1m<src.utils.news_browser.AljazeeraSearch object at 0x000001F8B4692CB0>[0m
    [36m         â”” [0m[36m[1m<function search at 0x000001F8B6DAD990>[0m

  File "[32mc:\Users\bianc\RPAChallenge\src\[0m[32m[1mmain.py[0m", line [33m146[0m, in [35msearch[0m
    [1mbrowser[0m[35m[1m.[0m[1msearch[0m[1m([0m[1msearch_phrase[0m[1m)[0m
    [36mâ”‚       â”‚      â”” [0m[36m[1m'covid'[0m
    [36mâ”‚       â”” [0m[36m[1m<function AljazeeraSearch.search at 0x000001F8B6DAE5F0>[0m
    [36mâ”” [0m[36m[1m<src.utils.news_browser.AljazeeraSearch object at 0x000001F8B4692CB0>[0m

  File "[32mc:\Users\bianc\RPAChallenge\src\utils\[0m[32m[1mnews_browser.py[0m", line [33m92[0m, in [35msearch[0m
    [35m[1mwith[0m [1mself[0m[35m[1m.[0m[1mnew_page[0m[1m([0m[1murl[0m[35m[1m=[0m[1mself[0m[35m[1m.[0m[1murl[0m[1m)[0m [35m[1mas[0m [1mpage[0m[1m:[0m
    [36m     â”‚    â”‚            â”‚    â”‚       â”” [0m[36m[1m<unprintable AjSearchResultPage object>[0m
    [36m     â”‚    â”‚            â”‚    â”” [0m[36m[1m'https://www.aljazeera.com'[0m
    [36m     â”‚    â”‚            â”” [0m[36m[1m<src.utils.news_browser.AljazeeraSearch object at 0x000001F8B4692CB0>[0m
    [36m     â”‚    â”” [0m[36m[1m<function AljazeeraSearch.new_page at 0x000001F8B6DAE440>[0m
    [36m     â”” [0m[36m[1m<src.utils.news_browser.AljazeeraSearch object at 0x000001F8B4692CB0>[0m

  File "[32mc:\Users\bianc\RPAChallenge\src\utils\[0m[32m[1mnews_browser.py[0m", line [33m47[0m, in [35m__exit__[0m
    [1mself[0m[35m[1m.[0m[1mdriver[0m[35m[1m.[0m[1mclose[0m[1m([0m[1m)[0m
    [36mâ”‚    â”‚      â”” [0m[36m[1m<function WebDriver.close at 0x000001F8B59E77F0>[0m
    [36mâ”‚    â”” [0m[36m[1m<selenium.webdriver.chrome.webdriver.WebDriver (session="a1af643d25284c2ba4b207a0a911d960")>[0m
    [36mâ”” [0m[36m[1m<unprintable AjSearchResultPage object>[0m

  File "[32mc:\ProgramData\robocorp\ht\82690e2_b1f3c24_09529949\lib\site-packages\selenium\webdriver\remote\[0m[32m[1mwebdriver.py[0m", line [33m458[0m, in [35mclose[0m
    [1mself[0m[35m[1m.[0m[1mexecute[0m[1m([0m[1mCommand[0m[35m[1m.[0m[1mCLOSE[0m[1m)[0m
    [36mâ”‚    â”‚       â”‚       â”” [0m[36m[1m'close'[0m
    [36mâ”‚    â”‚       â”” [0m[36m[1m<class 'selenium.webdriver.remote.command.Command'>[0m
    [36mâ”‚    â”” [0m[36m[1m<function WebDriver.execute at 0x000001F8B59E7250>[0m
    [36mâ”” [0m[36m[1m<selenium.webdriver.chrome.webdriver.WebDriver (session="a1af643d25284c2ba4b207a0a911d960")>[0m

  File "[32mc:\ProgramData\robocorp\ht\82690e2_b1f3c24_09529949\lib\site-packages\selenium\webdriver\remote\[0m[32m[1mwebdriver.py[0m", line [33m347[0m, in [35mexecute[0m
    [1mself[0m[35m[1m.[0m[1merror_handler[0m[35m[1m.[0m[1mcheck_response[0m[1m([0m[1mresponse[0m[1m)[0m
    [36mâ”‚    â”‚             â”‚              â”” [0m[36m[1m{'status': 404, 'value': '{"value":{"error":"no such window","message":"no such window: target window already closed\\nfrom u...[0m
    [36mâ”‚    â”‚             â”” [0m[36m[1m<function ErrorHandler.check_response at 0x000001F8B594F7F0>[0m
    [36mâ”‚    â”” [0m[36m[1m<selenium.webdriver.remote.errorhandler.ErrorHandler object at 0x000001F8B6DF33D0>[0m
    [36mâ”” [0m[36m[1m<selenium.webdriver.chrome.webdriver.WebDriver (session="a1af643d25284c2ba4b207a0a911d960")>[0m

  File "[32mc:\ProgramData\robocorp\ht\82690e2_b1f3c24_09529949\lib\site-packages\selenium\webdriver\remote\[0m[32m[1merrorhandler.py[0m", line [33m229[0m, in [35mcheck_response[0m
    [35m[1mraise[0m [1mexception_class[0m[1m([0m[1mmessage[0m[1m,[0m [1mscreen[0m[1m,[0m [1mstacktrace[0m[1m)[0m
    [36m      â”‚               â”‚        â”‚       â”” [0m[36m[1m['\tGetHandleVerifier [0x00CF0ED3+27667]', '\t(No symbol) [0x00C86BD4]', '\t(No symbol) [0x00B81AFF]', '\t(No symbol) [0x00B5...[0m
    [36m      â”‚               â”‚        â”” [0m[36m[1mNone[0m
    [36m      â”‚               â”” [0m[36m[1m'no such window: target window already closed\nfrom unknown error: web view not found\n  (Session info: chrome=126.0.6478.114)'[0m
    [36m      â”” [0m[36m[1m<class 'selenium.common.exceptions.NoSuchWindowException'>[0m

[31m[1mselenium.common.exceptions.NoSuchWindowException[0m:[1m Message: no such window: target window already closed
from unknown error: web view not found
  (Session info: chrome=126.0.6478.114)
Stacktrace:
	GetHandleVerifier [0x00CF0ED3+27667]
	(No symbol) [0x00C86BD4]
	(No symbol) [0x00B81AFF]
	(No symbol) [0x00B5E483]
	(No symbol) [0x00BEA00F]
	(No symbol) [0x00BEF824]
	(No symbol) [0x00BE38F3]
	(No symbol) [0x00BB74D1]
	(No symbol) [0x00BB804D]
	GetHandleVerifier [0x00FA3D43+2857603]
	GetHandleVerifier [0x00FF7EAD+3202029]
	GetHandleVerifier [0x00D746D4+566292]
	GetHandleVerifier [0x00D7B8CC+595468]
	(No symbol) [0x00C8F9C4]
	(No symbol) [0x00C8C6D8]
	(No symbol) [0x00C8C877]
	(No symbol) [0x00C7E76E]
	BaseThreadInitThunk [0x76007BA9+25]
	RtlInitializeExceptionChain [0x7751C10B+107]
	RtlClearBits [0x7751C08F+191]
[0m
[32m2024-06-23 23:59:02.782[0m | [38;2;255;0;255mCPU 2.9%[0m | [38;2;255;0;255mMEM 87.1%[0m | [38;2;255;0;255mDISK 83.5%[0m | [1mINFO    [0m | [36mmain[0m:[36mchallenge[0m:[36m153[0m |  - [1mWorkitem: {'search_phrase': 'covid', 'news_section': ['business', 'technology', 'entertainment'], 'number_months': 1}[0m
[32m2024-06-23 23:59:02.795[0m | [38;2;255;0;255mCPU 0.0%[0m | [38;2;255;0;255mMEM 87.1%[0m | [38;2;255;0;255mDISK 83.5%[0m | [1mINFO    [0m | [36mmain[0m:[36mchallenge[0m:[36m155[0m |  - [1mStarting the challenge...[0m
[32m2024-06-23 23:59:02.807[0m | [38;2;255;0;255mCPU 0.0%[0m | [38;2;255;0;255mMEM 87.1%[0m | [38;2;255;0;255mDISK 83.5%[0m | [34m[1mDEBUG   [0m | [36msrc.utils.news_browser[0m:[36m__init__[0m:[36m59[0m |  - [34m[1mCreating browser[0m
[32m2024-06-23 23:59:06.246[0m | [38;2;255;0;255mCPU 5.6%[0m | [38;2;255;0;255mMEM 89.0%[0m | [38;2;255;0;255mDISK 83.5%[0m | [1mINFO    [0m | [36mmain[0m:[36msearch[0m:[36m142[0m |  - [1mNavigating to the site...[0m
[32m2024-06-23 23:59:52.721[0m | [38;2;255;0;255mCPU 8.3%[0m | [38;2;255;0;255mMEM 80.5%[0m | [38;2;255;0;255mDISK 83.5%[0m | [1mINFO    [0m | [36mmain[0m:[36mchallenge[0m:[36m153[0m |  - [1mWorkitem: {'search_phrase': 'covid', 'news_section': ['business', 'technology', 'entertainment'], 'number_months': 1}[0m
[32m2024-06-23 23:59:52.732[0m | [38;2;255;0;255mCPU 8.3%[0m | [38;2;255;0;255mMEM 80.5%[0m | [38;2;255;0;255mDISK 83.5%[0m | [1mINFO    [0m | [36mmain[0m:[36mchallenge[0m:[36m155[0m |  - [1mStarting the challenge...[0m
[32m2024-06-23 23:59:52.745[0m | [38;2;255;0;255mCPU 20.0%[0m | [38;2;255;0;255mMEM 80.6%[0m | [38;2;255;0;255mDISK 83.5%[0m | [34m[1mDEBUG   [0m | [36msrc.utils.news_browser[0m:[36m__init__[0m:[36m59[0m |  - [34m[1mCreating browser[0m
[32m2024-06-23 23:59:56.194[0m | [38;2;255;0;255mCPU 8.7%[0m | [38;2;255;0;255mMEM 78.9%[0m | [38;2;255;0;255mDISK 83.6%[0m | [1mINFO    [0m | [36mmain[0m:[36msearch[0m:[36m142[0m |  - [1mNavigating to the site...[0m
